<?xml version="1.0" encoding="utf-8"?>
<!DOCTYPE coverage SYSTEM "http://cobertura.sourceforge.net/xml/coverage-04.dtd">
<coverage line-rate="0.8878787878787879" branch-rate="0.7" lines-covered="293" lines-valid="330" branches-covered="63" branches-valid="90" complexity="115" version="0" timestamp="1635343075">
  <sources>
    <source>D:\Звіти 3 курс\1 сем\ООП\2\LabWork2\</source>
    <source>C:\</source>
  </sources>
  <packages>
    <package name="ClassLibrary_LabWork2" line-rate="0.9010416666666666" branch-rate="0.7142857142857143" complexity="94">
      <classes>
        <class name="ClassLibrary_LabWork2.CustomLL`1" filename="D:\Звіти 3 курс\1 сем\ООП\2\LabWork2\ClassLibrary_LabWork2\CustomLL.cs" line-rate="0.8972972972972973" branch-rate="0.7142857142857143" complexity="90">
          <methods>
            <method name="get_Head" signature="()" line-rate="1" branch-rate="1" complexity="1">
              <lines>
                <line number="18" hits="1" branch="false" />
              </lines>
            </method>
            <method name="get_Tail" signature="()" line-rate="1" branch-rate="1" complexity="1">
              <lines>
                <line number="23" hits="1" branch="false" />
              </lines>
            </method>
            <method name="get_Count" signature="()" line-rate="1" branch-rate="1" complexity="1">
              <lines>
                <line number="28" hits="13" branch="false" />
              </lines>
            </method>
            <method name="set_Count" signature="(...)" line-rate="0" branch-rate="1" complexity="1">
              <lines>
                <line number="29" hits="0" branch="false" />
              </lines>
            </method>
            <method name="get_IsEmpty" signature="()" line-rate="1" branch-rate="1" complexity="1">
              <lines>
                <line number="32" hits="1" branch="false" />
              </lines>
            </method>
            <method name="Add" signature="(...)" line-rate="1" branch-rate="0.8333333333333334" complexity="6">
              <lines>
                <line number="44" hits="87" branch="false" />
                <line number="45" hits="88" branch="true" condition-coverage="100% (2/2)" />
                <line number="46" hits="86" branch="false" />
                <line number="48" hits="86" branch="true" condition-coverage="100% (2/2)" />
                <line number="49" hits="25" branch="false" />
                <line number="51" hits="61" branch="false" />
                <line number="52" hits="61" branch="false" />
                <line number="53" hits="61" branch="false" />
                <line number="54" hits="61" branch="false" />
                <line number="55" hits="86" branch="false" />
                <line number="56" hits="86" branch="false" />
                <line number="57" hits="86" branch="true" condition-coverage="50% (1/2)" />
                <line number="58" hits="86" branch="false" />
              </lines>
            </method>
            <method name="AddFirst" signature="(...)" line-rate="0.9166666666666666" branch-rate="0.5" complexity="6">
              <lines>
                <line number="61" hits="3" branch="false" />
                <line number="62" hits="3" branch="true" condition-coverage="50% (1/2)" />
                <line number="63" hits="3" branch="false" />
                <line number="64" hits="3" branch="false" />
                <line number="65" hits="3" branch="false" />
                <line number="66" hits="3" branch="false" />
                <line number="67" hits="3" branch="true" condition-coverage="50% (1/2)" />
                <line number="68" hits="0" branch="false" />
                <line number="70" hits="3" branch="false" />
                <line number="71" hits="3" branch="false" />
                <line number="72" hits="3" branch="true" condition-coverage="50% (1/2)" />
                <line number="73" hits="3" branch="false" />
              </lines>
            </method>
            <method name="AddLast" signature="(...)" line-rate="0.9166666666666666" branch-rate="0.5" complexity="6">
              <lines>
                <line number="76" hits="3" branch="false" />
                <line number="77" hits="3" branch="true" condition-coverage="50% (1/2)" />
                <line number="78" hits="3" branch="false" />
                <line number="79" hits="3" branch="false" />
                <line number="80" hits="3" branch="false" />
                <line number="81" hits="3" branch="false" />
                <line number="82" hits="3" branch="true" condition-coverage="50% (1/2)" />
                <line number="83" hits="0" branch="false" />
                <line number="85" hits="3" branch="false" />
                <line number="86" hits="3" branch="false" />
                <line number="87" hits="3" branch="true" condition-coverage="50% (1/2)" />
                <line number="88" hits="3" branch="false" />
              </lines>
            </method>
            <method name="AddAfter" signature="(...)" line-rate="1" branch-rate="0.7" complexity="10">
              <lines>
                <line number="91" hits="4" branch="false" />
                <line number="92" hits="4" branch="true" condition-coverage="50% (1/2)" />
                <line number="93" hits="4" branch="true" condition-coverage="50% (1/2)" />
                <line number="95" hits="4" branch="false" />
                <line number="97" hits="4" branch="false" />
                <line number="98" hits="16" branch="true" condition-coverage="100% (2/2)" />
                <line number="99" hits="4" branch="false" />
                <line number="100" hits="4" branch="false" />
                <line number="101" hits="4" branch="false" />
                <line number="103" hits="4" branch="true" condition-coverage="100% (2/2)" />
                <line number="104" hits="1" branch="false" />
                <line number="105" hits="1" branch="false" />
                <line number="106" hits="1" branch="false" />
                <line number="108" hits="3" branch="false" />
                <line number="109" hits="3" branch="false" />
                <line number="110" hits="3" branch="false" />
                <line number="111" hits="3" branch="false" />
                <line number="112" hits="3" branch="false" />
                <line number="113" hits="3" branch="false" />
                <line number="114" hits="3" branch="false" />
                <line number="115" hits="4" branch="false" />
                <line number="116" hits="4" branch="true" condition-coverage="50% (1/2)" />
                <line number="117" hits="4" branch="false" />
              </lines>
            </method>
            <method name="AddBefore" signature="(...)" line-rate="1" branch-rate="0.7" complexity="10">
              <lines>
                <line number="120" hits="4" branch="false" />
                <line number="121" hits="4" branch="true" condition-coverage="50% (1/2)" />
                <line number="122" hits="4" branch="true" condition-coverage="50% (1/2)" />
                <line number="124" hits="4" branch="false" />
                <line number="126" hits="4" branch="false" />
                <line number="127" hits="16" branch="true" condition-coverage="100% (2/2)" />
                <line number="128" hits="4" branch="false" />
                <line number="129" hits="4" branch="false" />
                <line number="130" hits="4" branch="false" />
                <line number="132" hits="4" branch="true" condition-coverage="100% (2/2)" />
                <line number="133" hits="1" branch="false" />
                <line number="134" hits="1" branch="false" />
                <line number="135" hits="1" branch="false" />
                <line number="137" hits="3" branch="false" />
                <line number="138" hits="3" branch="false" />
                <line number="139" hits="3" branch="false" />
                <line number="140" hits="3" branch="false" />
                <line number="141" hits="3" branch="false" />
                <line number="142" hits="3" branch="false" />
                <line number="143" hits="3" branch="false" />
                <line number="144" hits="4" branch="false" />
                <line number="145" hits="4" branch="true" condition-coverage="50% (1/2)" />
                <line number="146" hits="4" branch="false" />
              </lines>
            </method>
            <method name="Remove" signature="(...)" line-rate="1" branch-rate="0.9285714285714286" complexity="14">
              <lines>
                <line number="149" hits="9" branch="false" />
                <line number="150" hits="10" branch="true" condition-coverage="100% (2/2)" />
                <line number="152" hits="8" branch="false" />
                <line number="153" hits="24" branch="true" condition-coverage="100% (2/2)" />
                <line number="154" hits="21" branch="false" />
                <line number="155" hits="21" branch="true" condition-coverage="100% (2/2)" />
                <line number="156" hits="5" branch="false" />
                <line number="157" hits="5" branch="false" />
                <line number="159" hits="16" branch="false" />
                <line number="160" hits="16" branch="false" />
                <line number="162" hits="8" branch="true" condition-coverage="100% (2/2)" />
                <line number="163" hits="5" branch="false" />
                <line number="164" hits="5" branch="true" condition-coverage="100% (2/2)" />
                <line number="165" hits="3" branch="false" />
                <line number="166" hits="3" branch="false" />
                <line number="167" hits="3" branch="false" />
                <line number="169" hits="2" branch="false" />
                <line number="170" hits="2" branch="false" />
                <line number="171" hits="2" branch="false" />
                <line number="173" hits="5" branch="true" condition-coverage="100% (2/2)" />
                <line number="174" hits="2" branch="false" />
                <line number="175" hits="2" branch="false" />
                <line number="176" hits="2" branch="false" />
                <line number="178" hits="3" branch="false" />
                <line number="179" hits="3" branch="false" />
                <line number="180" hits="3" branch="false" />
                <line number="181" hits="5" branch="false" />
                <line number="182" hits="5" branch="true" condition-coverage="50% (1/2)" />
                <line number="183" hits="5" branch="false" />
                <line number="185" hits="3" branch="false" />
                <line number="186" hits="8" branch="false" />
              </lines>
            </method>
            <method name="RemoveLast" signature="()" line-rate="0.8571428571428571" branch-rate="0.5" complexity="4">
              <lines>
                <line number="189" hits="1" branch="false" />
                <line number="190" hits="1" branch="true" condition-coverage="50% (1/2)" />
                <line number="191" hits="1" branch="false" />
                <line number="192" hits="1" branch="true" condition-coverage="50% (1/2)" />
                <line number="193" hits="1" branch="false" />
                <line number="195" hits="0" branch="false" />
                <line number="196" hits="1" branch="false" />
              </lines>
            </method>
            <method name="RemoveFirst" signature="()" line-rate="0.8571428571428571" branch-rate="0.5" complexity="4">
              <lines>
                <line number="199" hits="1" branch="false" />
                <line number="200" hits="1" branch="true" condition-coverage="50% (1/2)" />
                <line number="201" hits="1" branch="false" />
                <line number="202" hits="1" branch="true" condition-coverage="50% (1/2)" />
                <line number="203" hits="1" branch="false" />
                <line number="205" hits="0" branch="false" />
                <line number="206" hits="1" branch="false" />
              </lines>
            </method>
            <method name="Clear" signature="()" line-rate="1" branch-rate="0.75" complexity="4">
              <lines>
                <line number="209" hits="2" branch="false" />
                <line number="210" hits="3" branch="true" condition-coverage="100% (2/2)" />
                <line number="211" hits="1" branch="false" />
                <line number="212" hits="1" branch="false" />
                <line number="213" hits="1" branch="false" />
                <line number="214" hits="1" branch="true" condition-coverage="50% (1/2)" />
                <line number="215" hits="1" branch="false" />
              </lines>
            </method>
            <method name="Contains" signature="(...)" line-rate="1" branch-rate="1" complexity="6">
              <lines>
                <line number="218" hits="11" branch="false" />
                <line number="219" hits="12" branch="true" condition-coverage="100% (2/2)" />
                <line number="220" hits="10" branch="false" />
                <line number="221" hits="26" branch="true" condition-coverage="100% (2/2)" />
                <line number="222" hits="24" branch="false" />
                <line number="223" hits="24" branch="true" condition-coverage="100% (2/2)" />
                <line number="224" hits="8" branch="false" />
                <line number="225" hits="16" branch="false" />
                <line number="226" hits="16" branch="false" />
                <line number="227" hits="2" branch="false" />
                <line number="228" hits="10" branch="false" />
              </lines>
            </method>
            <method name="get_Item" signature="(...)" line-rate="1" branch-rate="0.8333333333333334" complexity="6">
              <lines>
                <line number="248" hits="9" branch="false" />
                <line number="249" hits="10" branch="true" condition-coverage="75% (3/4)" />
                <line number="250" hits="8" branch="false" />
                <line number="251" hits="34" branch="true" condition-coverage="100% (2/2)" />
                <line number="252" hits="9" branch="false" />
                <line number="253" hits="8" branch="false" />
                <line number="254" hits="8" branch="false" />
              </lines>
            </method>
            <method name="System.Collections.IEnumerable.GetEnumerator" signature="()" line-rate="0" branch-rate="1" complexity="1">
              <lines>
                <line number="268" hits="0" branch="false" />
                <line number="269" hits="0" branch="false" />
                <line number="270" hits="0" branch="false" />
              </lines>
            </method>
            <method name=".ctor" signature="(...)" line-rate="1" branch-rate="0.75" complexity="4">
              <lines>
                <line number="34" hits="31" branch="false" />
                <line number="35" hits="31" branch="false" />
                <line number="36" hits="31" branch="true" condition-coverage="50% (1/2)" />
                <line number="37" hits="265" branch="true" condition-coverage="100% (2/2)" />
                <line number="38" hits="86" branch="false" />
                <line number="39" hits="86" branch="false" />
                <line number="40" hits="86" branch="false" />
                <line number="41" hits="31" branch="false" />
              </lines>
            </method>
            <method name="GetEnumerator" signature="()" line-rate="0.625" branch-rate="0.5" complexity="2">
              <lines>
                <line number="258" hits="1" branch="false" />
                <line number="259" hits="1" branch="false" />
                <line number="260" hits="1" branch="true" condition-coverage="50% (1/2)" />
                <line number="261" hits="1" branch="false" />
                <line number="262" hits="1" branch="false" />
                <line number="263" hits="0" branch="false" />
                <line number="264" hits="0" branch="false" />
                <line number="265" hits="0" branch="false" />
              </lines>
            </method>
            <method name="BackEnumerator" signature="()" line-rate="0" branch-rate="0" complexity="2">
              <lines>
                <line number="273" hits="0" branch="false" />
                <line number="274" hits="0" branch="false" />
                <line number="275" hits="0" branch="true" condition-coverage="0% (0/2)" />
                <line number="276" hits="0" branch="false" />
                <line number="277" hits="0" branch="false" />
                <line number="278" hits="0" branch="false" />
                <line number="279" hits="0" branch="false" />
                <line number="280" hits="0" branch="false" />
              </lines>
            </method>
          </methods>
          <lines>
            <line number="18" hits="1" branch="false" />
            <line number="23" hits="1" branch="false" />
            <line number="28" hits="13" branch="false" />
            <line number="29" hits="0" branch="false" />
            <line number="32" hits="1" branch="false" />
            <line number="34" hits="31" branch="false" />
            <line number="35" hits="31" branch="false" />
            <line number="36" hits="31" branch="true" condition-coverage="50% (1/2)" />
            <line number="37" hits="265" branch="true" condition-coverage="100% (2/2)" />
            <line number="38" hits="86" branch="false" />
            <line number="39" hits="86" branch="false" />
            <line number="40" hits="86" branch="false" />
            <line number="41" hits="31" branch="false" />
            <line number="44" hits="87" branch="false" />
            <line number="45" hits="88" branch="true" condition-coverage="100% (2/2)" />
            <line number="46" hits="86" branch="false" />
            <line number="48" hits="86" branch="true" condition-coverage="100% (2/2)" />
            <line number="49" hits="25" branch="false" />
            <line number="51" hits="61" branch="false" />
            <line number="52" hits="61" branch="false" />
            <line number="53" hits="61" branch="false" />
            <line number="54" hits="61" branch="false" />
            <line number="55" hits="86" branch="false" />
            <line number="56" hits="86" branch="false" />
            <line number="57" hits="86" branch="true" condition-coverage="50% (1/2)" />
            <line number="58" hits="86" branch="false" />
            <line number="61" hits="3" branch="false" />
            <line number="62" hits="3" branch="true" condition-coverage="50% (1/2)" />
            <line number="63" hits="3" branch="false" />
            <line number="64" hits="3" branch="false" />
            <line number="65" hits="3" branch="false" />
            <line number="66" hits="3" branch="false" />
            <line number="67" hits="3" branch="true" condition-coverage="50% (1/2)" />
            <line number="68" hits="0" branch="false" />
            <line number="70" hits="3" branch="false" />
            <line number="71" hits="3" branch="false" />
            <line number="72" hits="3" branch="true" condition-coverage="50% (1/2)" />
            <line number="73" hits="3" branch="false" />
            <line number="76" hits="3" branch="false" />
            <line number="77" hits="3" branch="true" condition-coverage="50% (1/2)" />
            <line number="78" hits="3" branch="false" />
            <line number="79" hits="3" branch="false" />
            <line number="80" hits="3" branch="false" />
            <line number="81" hits="3" branch="false" />
            <line number="82" hits="3" branch="true" condition-coverage="50% (1/2)" />
            <line number="83" hits="0" branch="false" />
            <line number="85" hits="3" branch="false" />
            <line number="86" hits="3" branch="false" />
            <line number="87" hits="3" branch="true" condition-coverage="50% (1/2)" />
            <line number="88" hits="3" branch="false" />
            <line number="91" hits="4" branch="false" />
            <line number="92" hits="4" branch="true" condition-coverage="50% (1/2)" />
            <line number="93" hits="4" branch="true" condition-coverage="50% (1/2)" />
            <line number="95" hits="4" branch="false" />
            <line number="97" hits="4" branch="false" />
            <line number="98" hits="16" branch="true" condition-coverage="100% (2/2)" />
            <line number="99" hits="4" branch="false" />
            <line number="100" hits="4" branch="false" />
            <line number="101" hits="4" branch="false" />
            <line number="103" hits="4" branch="true" condition-coverage="100% (2/2)" />
            <line number="104" hits="1" branch="false" />
            <line number="105" hits="1" branch="false" />
            <line number="106" hits="1" branch="false" />
            <line number="108" hits="3" branch="false" />
            <line number="109" hits="3" branch="false" />
            <line number="110" hits="3" branch="false" />
            <line number="111" hits="3" branch="false" />
            <line number="112" hits="3" branch="false" />
            <line number="113" hits="3" branch="false" />
            <line number="114" hits="3" branch="false" />
            <line number="115" hits="4" branch="false" />
            <line number="116" hits="4" branch="true" condition-coverage="50% (1/2)" />
            <line number="117" hits="4" branch="false" />
            <line number="120" hits="4" branch="false" />
            <line number="121" hits="4" branch="true" condition-coverage="50% (1/2)" />
            <line number="122" hits="4" branch="true" condition-coverage="50% (1/2)" />
            <line number="124" hits="4" branch="false" />
            <line number="126" hits="4" branch="false" />
            <line number="127" hits="16" branch="true" condition-coverage="100% (2/2)" />
            <line number="128" hits="4" branch="false" />
            <line number="129" hits="4" branch="false" />
            <line number="130" hits="4" branch="false" />
            <line number="132" hits="4" branch="true" condition-coverage="100% (2/2)" />
            <line number="133" hits="1" branch="false" />
            <line number="134" hits="1" branch="false" />
            <line number="135" hits="1" branch="false" />
            <line number="137" hits="3" branch="false" />
            <line number="138" hits="3" branch="false" />
            <line number="139" hits="3" branch="false" />
            <line number="140" hits="3" branch="false" />
            <line number="141" hits="3" branch="false" />
            <line number="142" hits="3" branch="false" />
            <line number="143" hits="3" branch="false" />
            <line number="144" hits="4" branch="false" />
            <line number="145" hits="4" branch="true" condition-coverage="50% (1/2)" />
            <line number="146" hits="4" branch="false" />
            <line number="149" hits="9" branch="false" />
            <line number="150" hits="10" branch="true" condition-coverage="100% (2/2)" />
            <line number="152" hits="8" branch="false" />
            <line number="153" hits="24" branch="true" condition-coverage="100% (2/2)" />
            <line number="154" hits="21" branch="false" />
            <line number="155" hits="21" branch="true" condition-coverage="100% (2/2)" />
            <line number="156" hits="5" branch="false" />
            <line number="157" hits="5" branch="false" />
            <line number="159" hits="16" branch="false" />
            <line number="160" hits="16" branch="false" />
            <line number="162" hits="8" branch="true" condition-coverage="100% (2/2)" />
            <line number="163" hits="5" branch="false" />
            <line number="164" hits="5" branch="true" condition-coverage="100% (2/2)" />
            <line number="165" hits="3" branch="false" />
            <line number="166" hits="3" branch="false" />
            <line number="167" hits="3" branch="false" />
            <line number="169" hits="2" branch="false" />
            <line number="170" hits="2" branch="false" />
            <line number="171" hits="2" branch="false" />
            <line number="173" hits="5" branch="true" condition-coverage="100% (2/2)" />
            <line number="174" hits="2" branch="false" />
            <line number="175" hits="2" branch="false" />
            <line number="176" hits="2" branch="false" />
            <line number="178" hits="3" branch="false" />
            <line number="179" hits="3" branch="false" />
            <line number="180" hits="3" branch="false" />
            <line number="181" hits="5" branch="false" />
            <line number="182" hits="5" branch="true" condition-coverage="50% (1/2)" />
            <line number="183" hits="5" branch="false" />
            <line number="185" hits="3" branch="false" />
            <line number="186" hits="8" branch="false" />
            <line number="189" hits="1" branch="false" />
            <line number="190" hits="1" branch="true" condition-coverage="50% (1/2)" />
            <line number="191" hits="1" branch="false" />
            <line number="192" hits="1" branch="true" condition-coverage="50% (1/2)" />
            <line number="193" hits="1" branch="false" />
            <line number="195" hits="0" branch="false" />
            <line number="196" hits="1" branch="false" />
            <line number="199" hits="1" branch="false" />
            <line number="200" hits="1" branch="true" condition-coverage="50% (1/2)" />
            <line number="201" hits="1" branch="false" />
            <line number="202" hits="1" branch="true" condition-coverage="50% (1/2)" />
            <line number="203" hits="1" branch="false" />
            <line number="205" hits="0" branch="false" />
            <line number="206" hits="1" branch="false" />
            <line number="209" hits="2" branch="false" />
            <line number="210" hits="3" branch="true" condition-coverage="100% (2/2)" />
            <line number="211" hits="1" branch="false" />
            <line number="212" hits="1" branch="false" />
            <line number="213" hits="1" branch="false" />
            <line number="214" hits="1" branch="true" condition-coverage="50% (1/2)" />
            <line number="215" hits="1" branch="false" />
            <line number="218" hits="11" branch="false" />
            <line number="219" hits="12" branch="true" condition-coverage="100% (2/2)" />
            <line number="220" hits="10" branch="false" />
            <line number="221" hits="26" branch="true" condition-coverage="100% (2/2)" />
            <line number="222" hits="24" branch="false" />
            <line number="223" hits="24" branch="true" condition-coverage="100% (2/2)" />
            <line number="224" hits="8" branch="false" />
            <line number="225" hits="16" branch="false" />
            <line number="226" hits="16" branch="false" />
            <line number="227" hits="2" branch="false" />
            <line number="228" hits="10" branch="false" />
            <line number="248" hits="9" branch="false" />
            <line number="249" hits="10" branch="true" condition-coverage="75% (3/4)" />
            <line number="250" hits="8" branch="false" />
            <line number="251" hits="34" branch="true" condition-coverage="100% (2/2)" />
            <line number="252" hits="9" branch="false" />
            <line number="253" hits="8" branch="false" />
            <line number="254" hits="8" branch="false" />
            <line number="258" hits="1" branch="false" />
            <line number="259" hits="1" branch="false" />
            <line number="260" hits="1" branch="true" condition-coverage="50% (1/2)" />
            <line number="261" hits="1" branch="false" />
            <line number="262" hits="1" branch="false" />
            <line number="263" hits="0" branch="false" />
            <line number="264" hits="0" branch="false" />
            <line number="265" hits="0" branch="false" />
            <line number="268" hits="0" branch="false" />
            <line number="269" hits="0" branch="false" />
            <line number="270" hits="0" branch="false" />
            <line number="273" hits="0" branch="false" />
            <line number="274" hits="0" branch="false" />
            <line number="275" hits="0" branch="true" condition-coverage="0% (0/2)" />
            <line number="276" hits="0" branch="false" />
            <line number="277" hits="0" branch="false" />
            <line number="278" hits="0" branch="false" />
            <line number="279" hits="0" branch="false" />
            <line number="280" hits="0" branch="false" />
          </lines>
        </class>
        <class name="ClassLibrary_LabWork2.Item`1" filename="D:\Звіти 3 курс\1 сем\ООП\2\LabWork2\ClassLibrary_LabWork2\Item.cs" line-rate="1" branch-rate="1" complexity="4">
          <methods>
            <method name="get_Data" signature="()" line-rate="1" branch-rate="1" complexity="1">
              <lines>
                <line number="9" hits="154" branch="false" />
              </lines>
            </method>
            <method name="get_Next" signature="()" line-rate="1" branch-rate="1" complexity="1">
              <lines>
                <line number="10" hits="146" branch="false" />
              </lines>
            </method>
            <method name="get_Previous" signature="()" line-rate="1" branch-rate="1" complexity="1">
              <lines>
                <line number="11" hits="97" branch="false" />
              </lines>
            </method>
            <method name=".ctor" signature="(...)" line-rate="1" branch-rate="1" complexity="1">
              <lines>
                <line number="12" hits="100" branch="false" />
                <line number="13" hits="100" branch="false" />
                <line number="14" hits="100" branch="false" />
                <line number="15" hits="100" branch="false" />
              </lines>
            </method>
          </methods>
          <lines>
            <line number="9" hits="154" branch="false" />
            <line number="10" hits="146" branch="false" />
            <line number="11" hits="97" branch="false" />
            <line number="12" hits="100" branch="false" />
            <line number="13" hits="100" branch="false" />
            <line number="14" hits="100" branch="false" />
            <line number="15" hits="100" branch="false" />
          </lines>
        </class>
      </classes>
    </package>
    <package name="LabWork2" line-rate="0" branch-rate="0" complexity="3">
      <classes>
        <class name="ConsoleApp1.Program" filename="D:\Звіти 3 курс\1 сем\ООП\2\LabWork2\ConsoleApp1\Program.cs" line-rate="0" branch-rate="0" complexity="3">
          <methods>
            <method name="Main" signature="(...)" line-rate="0" branch-rate="0" complexity="2">
              <lines>
                <line number="11" hits="0" branch="false" />
                <line number="12" hits="0" branch="false" />
                <line number="13" hits="0" branch="false" />
                <line number="14" hits="0" branch="false" />
                <line number="15" hits="0" branch="false" />
                <line number="16" hits="0" branch="false" />
                <line number="18" hits="0" branch="false" />
                <line number="19" hits="0" branch="true" condition-coverage="0% (0/2)" />
                <line number="20" hits="0" branch="false" />
                <line number="21" hits="0" branch="false" />
                <line number="22" hits="0" branch="false" />
                <line number="23" hits="0" branch="false" />
                <line number="25" hits="0" branch="false" />
                <line number="26" hits="0" branch="false" />
              </lines>
            </method>
            <method name="DisplayMsg" signature="(...)" line-rate="0" branch-rate="1" complexity="1">
              <lines>
                <line number="29" hits="0" branch="false" />
                <line number="30" hits="0" branch="false" />
                <line number="31" hits="0" branch="false" />
              </lines>
            </method>
          </methods>
          <lines>
            <line number="11" hits="0" branch="false" />
            <line number="12" hits="0" branch="false" />
            <line number="13" hits="0" branch="false" />
            <line number="14" hits="0" branch="false" />
            <line number="15" hits="0" branch="false" />
            <line number="16" hits="0" branch="false" />
            <line number="18" hits="0" branch="false" />
            <line number="19" hits="0" branch="true" condition-coverage="0% (0/2)" />
            <line number="20" hits="0" branch="false" />
            <line number="21" hits="0" branch="false" />
            <line number="22" hits="0" branch="false" />
            <line number="23" hits="0" branch="false" />
            <line number="25" hits="0" branch="false" />
            <line number="26" hits="0" branch="false" />
            <line number="29" hits="0" branch="false" />
            <line number="30" hits="0" branch="false" />
            <line number="31" hits="0" branch="false" />
          </lines>
        </class>
      </classes>
    </package>
    <package name="Tests" line-rate="0.9917355371900827" branch-rate="0.75" complexity="18">
      <classes>
        <class name="AutoGeneratedProgram" filename="C:\Users\Flink\.nuget\packages\microsoft.net.test.sdk\16.11.0\build\netcoreapp2.1\Microsoft.NET.Test.Sdk.Program.cs" line-rate="0" branch-rate="1" complexity="1">
          <methods>
            <method name="Main" signature="(...)" line-rate="0" branch-rate="1" complexity="1">
              <lines>
                <line number="4" hits="0" branch="false" />
              </lines>
            </method>
          </methods>
          <lines>
            <line number="4" hits="0" branch="false" />
          </lines>
        </class>
        <class name="Tests.CLLTests" filename="D:\Звіти 3 курс\1 сем\ООП\2\LabWork2\Tests\CLLTests.cs" line-rate="1" branch-rate="0.75" complexity="17">
          <methods>
            <method name="ConstructorCount_Get_ShouldReturnCorrectValue" signature="(...)" line-rate="1" branch-rate="1" complexity="1">
              <lines>
                <line number="16" hits="2" branch="false" />
                <line number="18" hits="2" branch="false" />
                <line number="21" hits="2" branch="false" />
                <line number="22" hits="2" branch="false" />
                <line number="25" hits="2" branch="false" />
                <line number="26" hits="2" branch="false" />
                <line number="27" hits="2" branch="false" />
              </lines>
            </method>
            <method name="IsEmpty_Return0" signature="()" line-rate="1" branch-rate="1" complexity="1">
              <lines>
                <line number="31" hits="1" branch="false" />
                <line number="33" hits="1" branch="false" />
                <line number="36" hits="1" branch="false" />
                <line number="37" hits="1" branch="false" />
                <line number="40" hits="1" branch="false" />
                <line number="41" hits="1" branch="false" />
                <line number="42" hits="1" branch="false" />
                <line number="43" hits="1" branch="false" />
                <line number="44" hits="2" branch="false" />
                <line number="45" hits="1" branch="false" />
              </lines>
            </method>
            <method name="Count_Return0" signature="()" line-rate="1" branch-rate="1" complexity="1">
              <lines>
                <line number="49" hits="1" branch="false" />
                <line number="51" hits="1" branch="false" />
                <line number="54" hits="1" branch="false" />
                <line number="57" hits="1" branch="false" />
                <line number="58" hits="1" branch="false" />
              </lines>
            </method>
            <method name="Clear_ReturnCount0" signature="()" line-rate="1" branch-rate="1" complexity="1">
              <lines>
                <line number="62" hits="1" branch="false" />
                <line number="64" hits="1" branch="false" />
                <line number="65" hits="1" branch="false" />
                <line number="66" hits="1" branch="false" />
                <line number="69" hits="1" branch="false" />
                <line number="70" hits="1" branch="false" />
                <line number="71" hits="1" branch="false" />
                <line number="72" hits="1" branch="false" />
                <line number="75" hits="1" branch="false" />
                <line number="76" hits="1" branch="false" />
                <line number="77" hits="1" branch="false" />
                <line number="78" hits="1" branch="false" />
                <line number="79" hits="1" branch="false" />
                <line number="80" hits="2" branch="false" />
                <line number="81" hits="1" branch="false" />
              </lines>
            </method>
            <method name="Remove_Element_ReturnedExpectedCount" signature="(...)" line-rate="1" branch-rate="1" complexity="1">
              <lines>
                <line number="90" hits="6" branch="false" />
                <line number="92" hits="6" branch="false" />
                <line number="95" hits="6" branch="false" />
                <line number="98" hits="6" branch="false" />
                <line number="99" hits="6" branch="false" />
                <line number="100" hits="6" branch="false" />
                <line number="101" hits="6" branch="false" />
                <line number="102" hits="12" branch="false" />
                <line number="103" hits="6" branch="false" />
              </lines>
            </method>
            <method name="AddAfter_And_AddBefore_ReturnedExpectedBool" signature="(...)" line-rate="1" branch-rate="1" complexity="1">
              <lines>
                <line number="110" hits="4" branch="false" />
                <line number="112" hits="4" branch="false" />
                <line number="113" hits="4" branch="false" />
                <line number="115" hits="4" branch="false" />
                <line number="116" hits="4" branch="false" />
                <line number="118" hits="4" branch="false" />
                <line number="119" hits="4" branch="false" />
                <line number="120" hits="4" branch="false" />
                <line number="121" hits="4" branch="false" />
                <line number="122" hits="8" branch="false" />
                <line number="123" hits="4" branch="false" />
              </lines>
            </method>
            <method name="AddFirst_And_AddLast_ReturnedExpectedInt" signature="(...)" line-rate="1" branch-rate="1" complexity="1">
              <lines>
                <line number="128" hits="2" branch="false" />
                <line number="130" hits="2" branch="false" />
                <line number="131" hits="2" branch="false" />
                <line number="133" hits="2" branch="false" />
                <line number="134" hits="2" branch="false" />
                <line number="136" hits="2" branch="false" />
                <line number="137" hits="2" branch="false" />
                <line number="138" hits="2" branch="false" />
                <line number="139" hits="2" branch="false" />
                <line number="140" hits="4" branch="false" />
                <line number="141" hits="2" branch="false" />
              </lines>
            </method>
            <method name="RemoveFirst_And_RemoveLast_ReturnedExpectedInt" signature="()" line-rate="1" branch-rate="1" complexity="1">
              <lines>
                <line number="145" hits="1" branch="false" />
                <line number="147" hits="1" branch="false" />
                <line number="148" hits="1" branch="false" />
                <line number="150" hits="1" branch="false" />
                <line number="151" hits="1" branch="false" />
                <line number="153" hits="1" branch="false" />
                <line number="154" hits="1" branch="false" />
                <line number="155" hits="1" branch="false" />
                <line number="156" hits="1" branch="false" />
                <line number="157" hits="2" branch="false" />
                <line number="158" hits="1" branch="false" />
              </lines>
            </method>
            <method name="GetEnumerator_OfListAndCustomList_ShouldHaveEqualElements" signature="()" line-rate="1" branch-rate="0.75" complexity="4">
              <lines>
                <line number="162" hits="1" branch="false" />
                <line number="164" hits="1" branch="false" />
                <line number="165" hits="1" branch="false" />
                <line number="167" hits="1" branch="false" />
                <line number="168" hits="1" branch="false" />
                <line number="170" hits="1" branch="true" condition-coverage="75% (3/4)" />
                <line number="171" hits="1" branch="false" />
                <line number="172" hits="1" branch="false" />
                <line number="173" hits="1" branch="false" />
                <line number="174" hits="1" branch="false" />
                <line number="175" hits="1" branch="false" />
              </lines>
            </method>
            <method name="Clear_ReturnedArgumentNullException" signature="()" line-rate="1" branch-rate="1" complexity="1">
              <lines>
                <line number="179" hits="1" branch="false" />
                <line number="181" hits="1" branch="false" />
                <line number="182" hits="1" branch="false" />
                <line number="184" hits="2" branch="false" />
                <line number="186" hits="1" branch="false" />
                <line number="187" hits="1" branch="false" />
              </lines>
            </method>
            <method name="Add_ReturnedArgumentNullException" signature="()" line-rate="1" branch-rate="1" complexity="1">
              <lines>
                <line number="191" hits="1" branch="false" />
                <line number="193" hits="1" branch="false" />
                <line number="194" hits="1" branch="false" />
                <line number="196" hits="2" branch="false" />
                <line number="198" hits="1" branch="false" />
                <line number="199" hits="1" branch="false" />
              </lines>
            </method>
            <method name="Remove_ReturnedArgumentNullException" signature="()" line-rate="1" branch-rate="1" complexity="1">
              <lines>
                <line number="203" hits="1" branch="false" />
                <line number="205" hits="1" branch="false" />
                <line number="206" hits="1" branch="false" />
                <line number="208" hits="2" branch="false" />
                <line number="210" hits="1" branch="false" />
                <line number="211" hits="1" branch="false" />
              </lines>
            </method>
            <method name="Contains_ReturnedArgumentNullException" signature="()" line-rate="1" branch-rate="1" complexity="1">
              <lines>
                <line number="215" hits="1" branch="false" />
                <line number="217" hits="1" branch="false" />
                <line number="218" hits="1" branch="false" />
                <line number="220" hits="2" branch="false" />
                <line number="222" hits="1" branch="false" />
                <line number="223" hits="1" branch="false" />
              </lines>
            </method>
            <method name="Indexer_ReturnedIndexOutOfRangeException" signature="()" line-rate="1" branch-rate="1" complexity="1">
              <lines>
                <line number="227" hits="1" branch="false" />
                <line number="229" hits="1" branch="false" />
                <line number="230" hits="1" branch="false" />
                <line number="232" hits="2" branch="false" />
                <line number="234" hits="1" branch="false" />
                <line number="235" hits="1" branch="false" />
              </lines>
            </method>
          </methods>
          <lines>
            <line number="16" hits="2" branch="false" />
            <line number="18" hits="2" branch="false" />
            <line number="21" hits="2" branch="false" />
            <line number="22" hits="2" branch="false" />
            <line number="25" hits="2" branch="false" />
            <line number="26" hits="2" branch="false" />
            <line number="27" hits="2" branch="false" />
            <line number="31" hits="1" branch="false" />
            <line number="33" hits="1" branch="false" />
            <line number="36" hits="1" branch="false" />
            <line number="37" hits="1" branch="false" />
            <line number="40" hits="1" branch="false" />
            <line number="41" hits="1" branch="false" />
            <line number="42" hits="1" branch="false" />
            <line number="43" hits="1" branch="false" />
            <line number="44" hits="2" branch="false" />
            <line number="45" hits="1" branch="false" />
            <line number="49" hits="1" branch="false" />
            <line number="51" hits="1" branch="false" />
            <line number="54" hits="1" branch="false" />
            <line number="57" hits="1" branch="false" />
            <line number="58" hits="1" branch="false" />
            <line number="62" hits="1" branch="false" />
            <line number="64" hits="1" branch="false" />
            <line number="65" hits="1" branch="false" />
            <line number="66" hits="1" branch="false" />
            <line number="69" hits="1" branch="false" />
            <line number="70" hits="1" branch="false" />
            <line number="71" hits="1" branch="false" />
            <line number="72" hits="1" branch="false" />
            <line number="75" hits="1" branch="false" />
            <line number="76" hits="1" branch="false" />
            <line number="77" hits="1" branch="false" />
            <line number="78" hits="1" branch="false" />
            <line number="79" hits="1" branch="false" />
            <line number="80" hits="2" branch="false" />
            <line number="81" hits="1" branch="false" />
            <line number="90" hits="6" branch="false" />
            <line number="92" hits="6" branch="false" />
            <line number="95" hits="6" branch="false" />
            <line number="98" hits="6" branch="false" />
            <line number="99" hits="6" branch="false" />
            <line number="100" hits="6" branch="false" />
            <line number="101" hits="6" branch="false" />
            <line number="102" hits="12" branch="false" />
            <line number="103" hits="6" branch="false" />
            <line number="110" hits="4" branch="false" />
            <line number="112" hits="4" branch="false" />
            <line number="113" hits="4" branch="false" />
            <line number="115" hits="4" branch="false" />
            <line number="116" hits="4" branch="false" />
            <line number="118" hits="4" branch="false" />
            <line number="119" hits="4" branch="false" />
            <line number="120" hits="4" branch="false" />
            <line number="121" hits="4" branch="false" />
            <line number="122" hits="8" branch="false" />
            <line number="123" hits="4" branch="false" />
            <line number="128" hits="2" branch="false" />
            <line number="130" hits="2" branch="false" />
            <line number="131" hits="2" branch="false" />
            <line number="133" hits="2" branch="false" />
            <line number="134" hits="2" branch="false" />
            <line number="136" hits="2" branch="false" />
            <line number="137" hits="2" branch="false" />
            <line number="138" hits="2" branch="false" />
            <line number="139" hits="2" branch="false" />
            <line number="140" hits="4" branch="false" />
            <line number="141" hits="2" branch="false" />
            <line number="145" hits="1" branch="false" />
            <line number="147" hits="1" branch="false" />
            <line number="148" hits="1" branch="false" />
            <line number="150" hits="1" branch="false" />
            <line number="151" hits="1" branch="false" />
            <line number="153" hits="1" branch="false" />
            <line number="154" hits="1" branch="false" />
            <line number="155" hits="1" branch="false" />
            <line number="156" hits="1" branch="false" />
            <line number="157" hits="2" branch="false" />
            <line number="158" hits="1" branch="false" />
            <line number="162" hits="1" branch="false" />
            <line number="164" hits="1" branch="false" />
            <line number="165" hits="1" branch="false" />
            <line number="167" hits="1" branch="false" />
            <line number="168" hits="1" branch="false" />
            <line number="170" hits="1" branch="true" condition-coverage="75% (3/4)" />
            <line number="171" hits="1" branch="false" />
            <line number="172" hits="1" branch="false" />
            <line number="173" hits="1" branch="false" />
            <line number="174" hits="1" branch="false" />
            <line number="175" hits="1" branch="false" />
            <line number="179" hits="1" branch="false" />
            <line number="181" hits="1" branch="false" />
            <line number="182" hits="1" branch="false" />
            <line number="184" hits="2" branch="false" />
            <line number="186" hits="1" branch="false" />
            <line number="187" hits="1" branch="false" />
            <line number="191" hits="1" branch="false" />
            <line number="193" hits="1" branch="false" />
            <line number="194" hits="1" branch="false" />
            <line number="196" hits="2" branch="false" />
            <line number="198" hits="1" branch="false" />
            <line number="199" hits="1" branch="false" />
            <line number="203" hits="1" branch="false" />
            <line number="205" hits="1" branch="false" />
            <line number="206" hits="1" branch="false" />
            <line number="208" hits="2" branch="false" />
            <line number="210" hits="1" branch="false" />
            <line number="211" hits="1" branch="false" />
            <line number="215" hits="1" branch="false" />
            <line number="217" hits="1" branch="false" />
            <line number="218" hits="1" branch="false" />
            <line number="220" hits="2" branch="false" />
            <line number="222" hits="1" branch="false" />
            <line number="223" hits="1" branch="false" />
            <line number="227" hits="1" branch="false" />
            <line number="229" hits="1" branch="false" />
            <line number="230" hits="1" branch="false" />
            <line number="232" hits="2" branch="false" />
            <line number="234" hits="1" branch="false" />
            <line number="235" hits="1" branch="false" />
          </lines>
        </class>
      </classes>
    </package>
  </packages>
</coverage>