TpTrace Verbose: 0 : 36392, 1, 2021/10/27, 13:57:53.588, 7800543539029, vstest.console.dll, Version: 16.11.0
TpTrace Information: 0 : 36392, 1, 2021/10/27, 13:57:53.596, 7800543598819, vstest.console.dll, FilePatternParser: The given file D:\Звіти 3 курс\1 сем\ООП\2\LabWork2\Tests\bin\Debug\netcoreapp3.1\fine-code-coverage\build-output\Tests.dll is a full path.
TpTrace Verbose: 0 : 36392, 1, 2021/10/27, 13:57:53.601, 7800543655818, vstest.console.dll, TestPluginCache.DiscoverTestExtensions: finding test extensions in assemblies ends with: RuntimeProvider.dll TPluginInfo: Microsoft.VisualStudio.TestPlatform.Common.ExtensionFramework.Utilities.TestRuntimePluginInformation TExtension: Microsoft.VisualStudio.TestPlatform.ObjectModel.Host.ITestRuntimeProvider
TpTrace Verbose: 0 : 36392, 1, 2021/10/27, 13:57:53.602, 7800543659943, vstest.console.dll, TestPluginCache.GetExtensionPaths: Filtered extension paths: 
TpTrace Verbose: 0 : 36392, 1, 2021/10/27, 13:57:53.602, 7800543660758, vstest.console.dll, TestPluginCache.GetExtensionPaths: Added default extension paths: C:\Program Files\dotnet\sdk\5.0.402\Extensions\Microsoft.Diagnostics.NETCore.Client.dll
C:\Program Files\dotnet\sdk\5.0.402\Extensions\Microsoft.TestPlatform.Extensions.BlameDataCollector.dll
C:\Program Files\dotnet\sdk\5.0.402\Extensions\Microsoft.TestPlatform.Extensions.EventLogCollector.dll
C:\Program Files\dotnet\sdk\5.0.402\Extensions\Microsoft.TestPlatform.TestHostRuntimeProvider.dll
C:\Program Files\dotnet\sdk\5.0.402\Extensions\Microsoft.VisualStudio.TestPlatform.Extensions.Html.TestLogger.dll
C:\Program Files\dotnet\sdk\5.0.402\Extensions\Microsoft.VisualStudio.TestPlatform.Extensions.Trx.TestLogger.dll
TpTrace Verbose: 0 : 36392, 1, 2021/10/27, 13:57:53.602, 7800543661144, vstest.console.dll, TestPluginCache.GetExtensionPaths: Added unfilterableExtensionPaths: 
TpTrace Information: 0 : 36392, 1, 2021/10/27, 13:57:53.603, 7800543667179, vstest.console.dll, AssemblyResolver.ctor: Creating AssemblyResolver with searchDirectories C:\Program Files\dotnet\sdk\5.0.402\Extensions,C:\Program Files\dotnet\sdk\5.0.402
TpTrace Verbose: 0 : 36392, 1, 2021/10/27, 13:57:53.604, 7800543678276, vstest.console.dll, TestPluginCache.DiscoverTestExtensions: Discovering the extensions using extension path.
TpTrace Verbose: 0 : 36392, 1, 2021/10/27, 13:57:53.604, 7800543679361, vstest.console.dll, TestPluginCache.GetExtensionPaths: Filtered extension paths: 
TpTrace Verbose: 0 : 36392, 1, 2021/10/27, 13:57:53.604, 7800543679734, vstest.console.dll, TestPluginCache.GetExtensionPaths: Added default extension paths: C:\Program Files\dotnet\sdk\5.0.402\Extensions\Microsoft.Diagnostics.NETCore.Client.dll
C:\Program Files\dotnet\sdk\5.0.402\Extensions\Microsoft.TestPlatform.Extensions.BlameDataCollector.dll
C:\Program Files\dotnet\sdk\5.0.402\Extensions\Microsoft.TestPlatform.Extensions.EventLogCollector.dll
C:\Program Files\dotnet\sdk\5.0.402\Extensions\Microsoft.TestPlatform.TestHostRuntimeProvider.dll
C:\Program Files\dotnet\sdk\5.0.402\Extensions\Microsoft.VisualStudio.TestPlatform.Extensions.Html.TestLogger.dll
C:\Program Files\dotnet\sdk\5.0.402\Extensions\Microsoft.VisualStudio.TestPlatform.Extensions.Trx.TestLogger.dll
TpTrace Verbose: 0 : 36392, 1, 2021/10/27, 13:57:53.604, 7800543680056, vstest.console.dll, TestPluginCache.GetExtensionPaths: Added unfilterableExtensionPaths: 
TpTrace Verbose: 0 : 36392, 1, 2021/10/27, 13:57:53.604, 7800543680556, vstest.console.dll, TestPluginCache.DiscoverTestExtensions: Discovering the extensions using allExtensionPaths: C:\Program Files\dotnet\sdk\5.0.402\Extensions\Microsoft.Diagnostics.NETCore.Client.dll
C:\Program Files\dotnet\sdk\5.0.402\Extensions\Microsoft.TestPlatform.Extensions.BlameDataCollector.dll
C:\Program Files\dotnet\sdk\5.0.402\Extensions\Microsoft.TestPlatform.Extensions.EventLogCollector.dll
C:\Program Files\dotnet\sdk\5.0.402\Extensions\Microsoft.TestPlatform.TestHostRuntimeProvider.dll
C:\Program Files\dotnet\sdk\5.0.402\Extensions\Microsoft.VisualStudio.TestPlatform.Extensions.Html.TestLogger.dll
C:\Program Files\dotnet\sdk\5.0.402\Extensions\Microsoft.VisualStudio.TestPlatform.Extensions.Trx.TestLogger.dll
TpTrace Information: 0 : 36392, 1, 2021/10/27, 13:57:53.604, 7800543681825, vstest.console.dll, AssemblyResolver.AddSearchDirectories: Adding more searchDirectories C:\Program Files\dotnet\sdk\5.0.402\Extensions,C:\Program Files\dotnet\sdk\5.0.402
TpTrace Information: 0 : 36392, 1, 2021/10/27, 13:57:53.604, 7800543682353, vstest.console.dll, AssemblyResolver.AddSearchDirectories: Adding more searchDirectories C:\Program Files\dotnet\sdk\5.0.402\Extensions,C:\Program Files\dotnet\sdk\5.0.402
TpTrace Information: 0 : 36392, 1, 2021/10/27, 13:57:53.604, 7800543682717, vstest.console.dll, AssemblyResolver.AddSearchDirectories: Adding more searchDirectories C:\Program Files\dotnet\sdk\5.0.402\Extensions,C:\Program Files\dotnet\sdk\5.0.402
TpTrace Information: 0 : 36392, 1, 2021/10/27, 13:57:53.604, 7800543682984, vstest.console.dll, AssemblyResolver.AddSearchDirectories: Adding more searchDirectories C:\Program Files\dotnet\sdk\5.0.402\Extensions,C:\Program Files\dotnet\sdk\5.0.402
TpTrace Information: 0 : 36392, 1, 2021/10/27, 13:57:53.604, 7800543683230, vstest.console.dll, AssemblyResolver.AddSearchDirectories: Adding more searchDirectories C:\Program Files\dotnet\sdk\5.0.402\Extensions,C:\Program Files\dotnet\sdk\5.0.402
TpTrace Information: 0 : 36392, 1, 2021/10/27, 13:57:53.604, 7800543683473, vstest.console.dll, AssemblyResolver.AddSearchDirectories: Adding more searchDirectories C:\Program Files\dotnet\sdk\5.0.402\Extensions,C:\Program Files\dotnet\sdk\5.0.402
TpTrace Information: 0 : 36392, 1, 2021/10/27, 13:57:53.604, 7800543686075, vstest.console.dll, AssemblyResolver.OnResolve: Microsoft.Diagnostics.NETCore.Client: Resolving assembly.
TpTrace Information: 0 : 36392, 1, 2021/10/27, 13:57:53.604, 7800543686565, vstest.console.dll, AssemblyResolver.OnResolve: Microsoft.Diagnostics.NETCore.Client: Searching in: 'C:\Program Files\dotnet\sdk\5.0.402\Extensions'.
TpTrace Information: 0 : 36392, 1, 2021/10/27, 13:57:53.605, 7800543691311, vstest.console.dll, AssemblyResolver.OnResolve: Microsoft.Diagnostics.NETCore.Client: Loading assembly 'C:\Program Files\dotnet\sdk\5.0.402\Extensions\Microsoft.Diagnostics.NETCore.Client.dll'.
TpTrace Information: 0 : 36392, 1, 2021/10/27, 13:57:53.606, 7800543696891, vstest.console.dll, AssemblyResolver.OnResolve: Resolved assembly: Microsoft.Diagnostics.NETCore.Client, from path: C:\Program Files\dotnet\sdk\5.0.402\Extensions\Microsoft.Diagnostics.NETCore.Client.dll
TpTrace Information: 0 : 36392, 1, 2021/10/27, 13:57:53.608, 7800543723572, vstest.console.dll, AssemblyResolver.OnResolve: Microsoft.Bcl.AsyncInterfaces: Resolving assembly.
TpTrace Information: 0 : 36392, 1, 2021/10/27, 13:57:53.608, 7800543724258, vstest.console.dll, AssemblyResolver.OnResolve: Microsoft.Bcl.AsyncInterfaces: Searching in: 'C:\Program Files\dotnet\sdk\5.0.402\Extensions'.
TpTrace Information: 0 : 36392, 1, 2021/10/27, 13:57:53.608, 7800543725004, vstest.console.dll, AssemblyResolver.OnResolve: Microsoft.Bcl.AsyncInterfaces: Assembly path does not exist: 'C:\Program Files\dotnet\sdk\5.0.402\Extensions\Microsoft.Bcl.AsyncInterfaces.dll', returning.
TpTrace Information: 0 : 36392, 1, 2021/10/27, 13:57:53.608, 7800543725547, vstest.console.dll, AssemblyResolver.OnResolve: Microsoft.Bcl.AsyncInterfaces: Assembly path does not exist: 'C:\Program Files\dotnet\sdk\5.0.402\Extensions\Microsoft.Bcl.AsyncInterfaces.exe', returning.
TpTrace Information: 0 : 36392, 1, 2021/10/27, 13:57:53.608, 7800543725842, vstest.console.dll, AssemblyResolver.OnResolve: Microsoft.Bcl.AsyncInterfaces: Searching in: 'C:\Program Files\dotnet\sdk\5.0.402'.
TpTrace Information: 0 : 36392, 1, 2021/10/27, 13:57:53.608, 7800543726387, vstest.console.dll, AssemblyResolver.OnResolve: Microsoft.Bcl.AsyncInterfaces: Assembly path does not exist: 'C:\Program Files\dotnet\sdk\5.0.402\Microsoft.Bcl.AsyncInterfaces.dll', returning.
TpTrace Information: 0 : 36392, 1, 2021/10/27, 13:57:53.609, 7800543726964, vstest.console.dll, AssemblyResolver.OnResolve: Microsoft.Bcl.AsyncInterfaces: Assembly path does not exist: 'C:\Program Files\dotnet\sdk\5.0.402\Microsoft.Bcl.AsyncInterfaces.exe', returning.
TpTrace Information: 0 : 36392, 1, 2021/10/27, 13:57:53.609, 7800543727596, vstest.console.dll, AssemblyResolver.OnResolve: Microsoft.Bcl.AsyncInterfaces: Failed to load assembly.
TpTrace Verbose: 0 : 36392, 1, 2021/10/27, 13:57:53.609, 7800543727985, vstest.console.dll, CurrentDomainAssemblyResolve: Resolving assembly 'Microsoft.Bcl.AsyncInterfaces'.
TpTrace Information: 0 : 36392, 1, 2021/10/27, 13:57:53.609, 7800543728535, vstest.console.dll, AssemblyResolver.OnResolve: Microsoft.Bcl.AsyncInterfaces: Resolving assembly.
TpTrace Information: 0 : 36392, 1, 2021/10/27, 13:57:53.609, 7800543728872, vstest.console.dll, AssemblyResolver.OnResolve: Microsoft.Bcl.AsyncInterfaces: Resolved from cache.
TpTrace Verbose: 0 : 36392, 1, 2021/10/27, 13:57:53.609, 7800543729187, vstest.console.dll, CurrentDomainAssemblyResolve: Resolving assembly 'Microsoft.Bcl.AsyncInterfaces'.
TpTrace Verbose: 0 : 36392, 1, 2021/10/27, 13:57:53.609, 7800543729506, vstest.console.dll, CurrentDomainAssemblyResolve: Failed to resolve assembly 'Microsoft.Bcl.AsyncInterfaces'.
TpTrace Verbose: 0 : 36392, 1, 2021/10/27, 13:57:53.609, 7800543734493, vstest.console.dll, CurrentDomainAssemblyResolve: Failed to resolve assembly 'Microsoft.Bcl.AsyncInterfaces'.
TpTrace Warning: 0 : 36392, 1, 2021/10/27, 13:57:53.621, 7800543846885, vstest.console.dll, TestPluginDiscoverer: Failed to get types from assembly 'Microsoft.Diagnostics.NETCore.Client, Version=0.2.2.41902, Culture=neutral, PublicKeyToken=31bf3856ad364e35'.  Skipping test extension scan for this assembly.  Error: System.Reflection.ReflectionTypeLoadException: Unable to load one or more of the requested types.
Could not load file or assembly 'Microsoft.Bcl.AsyncInterfaces, Version=1.0.0.0, Culture=neutral, PublicKeyToken=cc7b13ffcd2ddd51'. Не удается найти указанный файл.
   at System.Reflection.RuntimeModule.GetTypes(RuntimeModule module)
   at System.Reflection.RuntimeModule.GetTypes()
   at System.Reflection.Assembly.GetTypes()
   at Microsoft.VisualStudio.TestPlatform.Common.ExtensionFramework.TestPluginDiscoverer.GetTestExtensionsFromAssembly[TPluginInfo,TExtension](Assembly assembly, Dictionary`2 pluginInfos)
System.IO.FileNotFoundException: Could not load file or assembly 'Microsoft.Bcl.AsyncInterfaces, Version=1.0.0.0, Culture=neutral, PublicKeyToken=cc7b13ffcd2ddd51'. Не удается найти указанный файл.
File name: 'Microsoft.Bcl.AsyncInterfaces, Version=1.0.0.0, Culture=neutral, PublicKeyToken=cc7b13ffcd2ddd51'
TpTrace Warning: 0 : 36392, 1, 2021/10/27, 13:57:53.621, 7800543847746, vstest.console.dll, LoaderExceptions: System.IO.FileNotFoundException: Could not load file or assembly 'Microsoft.Bcl.AsyncInterfaces, Version=1.0.0.0, Culture=neutral, PublicKeyToken=cc7b13ffcd2ddd51'. Не удается найти указанный файл.
File name: 'Microsoft.Bcl.AsyncInterfaces, Version=1.0.0.0, Culture=neutral, PublicKeyToken=cc7b13ffcd2ddd51'
TpTrace Information: 0 : 36392, 1, 2021/10/27, 13:57:53.621, 7800543848582, vstest.console.dll, AssemblyResolver.OnResolve: Microsoft.TestPlatform.Extensions.BlameDataCollector: Resolving assembly.
TpTrace Information: 0 : 36392, 1, 2021/10/27, 13:57:53.621, 7800543848924, vstest.console.dll, AssemblyResolver.OnResolve: Microsoft.TestPlatform.Extensions.BlameDataCollector: Searching in: 'C:\Program Files\dotnet\sdk\5.0.402\Extensions'.
TpTrace Information: 0 : 36392, 1, 2021/10/27, 13:57:53.621, 7800543853260, vstest.console.dll, AssemblyResolver.OnResolve: Microsoft.TestPlatform.Extensions.BlameDataCollector: Loading assembly 'C:\Program Files\dotnet\sdk\5.0.402\Extensions\Microsoft.TestPlatform.Extensions.BlameDataCollector.dll'.
TpTrace Information: 0 : 36392, 1, 2021/10/27, 13:57:53.622, 7800543859085, vstest.console.dll, AssemblyResolver.OnResolve: Resolved assembly: Microsoft.TestPlatform.Extensions.BlameDataCollector, from path: C:\Program Files\dotnet\sdk\5.0.402\Extensions\Microsoft.TestPlatform.Extensions.BlameDataCollector.dll
TpTrace Information: 0 : 36392, 1, 2021/10/27, 13:57:53.622, 7800543863465, vstest.console.dll, AssemblyResolver.OnResolve: Microsoft.TestPlatform.Extensions.EventLogCollector: Resolving assembly.
TpTrace Information: 0 : 36392, 1, 2021/10/27, 13:57:53.622, 7800543863947, vstest.console.dll, AssemblyResolver.OnResolve: Microsoft.TestPlatform.Extensions.EventLogCollector: Searching in: 'C:\Program Files\dotnet\sdk\5.0.402\Extensions'.
TpTrace Information: 0 : 36392, 1, 2021/10/27, 13:57:53.623, 7800543868468, vstest.console.dll, AssemblyResolver.OnResolve: Microsoft.TestPlatform.Extensions.EventLogCollector: Loading assembly 'C:\Program Files\dotnet\sdk\5.0.402\Extensions\Microsoft.TestPlatform.Extensions.EventLogCollector.dll'.
TpTrace Information: 0 : 36392, 1, 2021/10/27, 13:57:53.623, 7800543872618, vstest.console.dll, AssemblyResolver.OnResolve: Resolved assembly: Microsoft.TestPlatform.Extensions.EventLogCollector, from path: C:\Program Files\dotnet\sdk\5.0.402\Extensions\Microsoft.TestPlatform.Extensions.EventLogCollector.dll
TpTrace Information: 0 : 36392, 1, 2021/10/27, 13:57:53.625, 7800543887875, vstest.console.dll, AssemblyResolver.OnResolve: Microsoft.TestPlatform.TestHostRuntimeProvider: Resolving assembly.
TpTrace Information: 0 : 36392, 1, 2021/10/27, 13:57:53.625, 7800543888478, vstest.console.dll, AssemblyResolver.OnResolve: Microsoft.TestPlatform.TestHostRuntimeProvider: Searching in: 'C:\Program Files\dotnet\sdk\5.0.402\Extensions'.
TpTrace Information: 0 : 36392, 1, 2021/10/27, 13:57:53.625, 7800543892364, vstest.console.dll, AssemblyResolver.OnResolve: Microsoft.TestPlatform.TestHostRuntimeProvider: Loading assembly 'C:\Program Files\dotnet\sdk\5.0.402\Extensions\Microsoft.TestPlatform.TestHostRuntimeProvider.dll'.
TpTrace Information: 0 : 36392, 1, 2021/10/27, 13:57:53.626, 7800543897849, vstest.console.dll, AssemblyResolver.OnResolve: Resolved assembly: Microsoft.TestPlatform.TestHostRuntimeProvider, from path: C:\Program Files\dotnet\sdk\5.0.402\Extensions\Microsoft.TestPlatform.TestHostRuntimeProvider.dll
TpTrace Information: 0 : 36392, 1, 2021/10/27, 13:57:53.627, 7800543908039, vstest.console.dll, AssemblyResolver.OnResolve: Microsoft.VisualStudio.TestPlatform.Extensions.Html.TestLogger: Resolving assembly.
TpTrace Information: 0 : 36392, 1, 2021/10/27, 13:57:53.627, 7800543908665, vstest.console.dll, AssemblyResolver.OnResolve: Microsoft.VisualStudio.TestPlatform.Extensions.Html.TestLogger: Searching in: 'C:\Program Files\dotnet\sdk\5.0.402\Extensions'.
TpTrace Information: 0 : 36392, 1, 2021/10/27, 13:57:53.627, 7800543912652, vstest.console.dll, AssemblyResolver.OnResolve: Microsoft.VisualStudio.TestPlatform.Extensions.Html.TestLogger: Loading assembly 'C:\Program Files\dotnet\sdk\5.0.402\Extensions\Microsoft.VisualStudio.TestPlatform.Extensions.Html.TestLogger.dll'.
TpTrace Information: 0 : 36392, 1, 2021/10/27, 13:57:53.628, 7800543916858, vstest.console.dll, AssemblyResolver.OnResolve: Resolved assembly: Microsoft.VisualStudio.TestPlatform.Extensions.Html.TestLogger, from path: C:\Program Files\dotnet\sdk\5.0.402\Extensions\Microsoft.VisualStudio.TestPlatform.Extensions.Html.TestLogger.dll
TpTrace Information: 0 : 36392, 1, 2021/10/27, 13:57:53.628, 7800543919588, vstest.console.dll, AssemblyResolver.OnResolve: Microsoft.VisualStudio.TestPlatform.Extensions.Trx.TestLogger: Resolving assembly.
TpTrace Information: 0 : 36392, 1, 2021/10/27, 13:57:53.628, 7800543920014, vstest.console.dll, AssemblyResolver.OnResolve: Microsoft.VisualStudio.TestPlatform.Extensions.Trx.TestLogger: Searching in: 'C:\Program Files\dotnet\sdk\5.0.402\Extensions'.
TpTrace Information: 0 : 36392, 1, 2021/10/27, 13:57:53.628, 7800543924172, vstest.console.dll, AssemblyResolver.OnResolve: Microsoft.VisualStudio.TestPlatform.Extensions.Trx.TestLogger: Loading assembly 'C:\Program Files\dotnet\sdk\5.0.402\Extensions\Microsoft.VisualStudio.TestPlatform.Extensions.Trx.TestLogger.dll'.
TpTrace Information: 0 : 36392, 1, 2021/10/27, 13:57:53.629, 7800543930094, vstest.console.dll, AssemblyResolver.OnResolve: Resolved assembly: Microsoft.VisualStudio.TestPlatform.Extensions.Trx.TestLogger, from path: C:\Program Files\dotnet\sdk\5.0.402\Extensions\Microsoft.VisualStudio.TestPlatform.Extensions.Trx.TestLogger.dll
TpTrace Verbose: 0 : 36392, 1, 2021/10/27, 13:57:53.629, 7800543933964, vstest.console.dll, TestPluginCache: Discovered the extensions using extension path ''.
TpTrace Verbose: 0 : 36392, 1, 2021/10/27, 13:57:53.629, 7800543934425, vstest.console.dll, TestPluginCache: Discoverers are ''.
TpTrace Verbose: 0 : 36392, 1, 2021/10/27, 13:57:53.629, 7800543934667, vstest.console.dll, TestPluginCache: Executors are ''.
TpTrace Verbose: 0 : 36392, 1, 2021/10/27, 13:57:53.629, 7800543934874, vstest.console.dll, TestPluginCache: Executors2 are ''.
TpTrace Verbose: 0 : 36392, 1, 2021/10/27, 13:57:53.629, 7800543935081, vstest.console.dll, TestPluginCache: Setting providers are ''.
TpTrace Verbose: 0 : 36392, 1, 2021/10/27, 13:57:53.629, 7800543935283, vstest.console.dll, TestPluginCache: Loggers are ''.
TpTrace Information: 0 : 36392, 1, 2021/10/27, 13:57:53.633, 7800543971335, vstest.console.dll, RunTestsArgumentProcessor:Execute: Test run is starting.
TpTrace Verbose: 0 : 36392, 1, 2021/10/27, 13:57:53.633, 7800543973241, vstest.console.dll, RunTestsArgumentProcessor:Execute: Queuing Test run.
TpTrace Information: 0 : 36392, 1, 2021/10/27, 13:57:53.633, 7800543975020, vstest.console.dll, TestRequestManager.RunTests: run tests started.
TpTrace Information: 0 : 36392, 1, 2021/10/27, 13:57:53.635, 7800543996414, vstest.console.dll, AssemblyMetadataProvider.GetFrameWork: Determined framework:'.NETCoreApp,Version=v3.1' for source: 'D:\Звіти 3 курс\1 сем\ООП\2\LabWork2\Tests\bin\Debug\netcoreapp3.1\fine-code-coverage\build-output\Tests.dll'
TpTrace Information: 0 : 36392, 1, 2021/10/27, 13:57:53.636, 7800543997609, vstest.console.dll, Determined framework for all sources: .NETCoreApp,Version=v3.1
TpTrace Information: 0 : 36392, 1, 2021/10/27, 13:57:53.636, 7800544000861, vstest.console.dll, AssemblyMetadataProvider.GetArchitecture: Determined architecture:AnyCPU info for assembly: D:\Звіти 3 курс\1 сем\ООП\2\LabWork2\Tests\bin\Debug\netcoreapp3.1\fine-code-coverage\build-output\Tests.dll
TpTrace Information: 0 : 36392, 1, 2021/10/27, 13:57:53.637, 7800544014478, vstest.console.dll, Determined platform for all sources: X64
TpTrace Information: 0 : 36392, 1, 2021/10/27, 13:57:53.639, 7800544036202, vstest.console.dll, Compatible sources list : 
TpTrace Information: 0 : 36392, 1, 2021/10/27, 13:57:53.640, 7800544036894, vstest.console.dll, D:\Звіти 3 курс\1 сем\ООП\2\LabWork2\Tests\bin\Debug\netcoreapp3.1\fine-code-coverage\build-output\Tests.dll
TpTrace Information: 0 : 36392, 1, 2021/10/27, 13:57:53.641, 7800544051618, vstest.console.dll, InferRunSettingsHelper.IsTestSettingsEnabled: Unable to navigate to RunSettings/MSTest. Current node: RunSettings
TpTrace Information: 0 : 36392, 1, 2021/10/27, 13:57:53.641, 7800544056509, vstest.console.dll, AssemblyResolver.OnResolve: Microsoft.VisualStudio.TestPlatform.Fakes: Resolving assembly.
TpTrace Information: 0 : 36392, 1, 2021/10/27, 13:57:53.642, 7800544057034, vstest.console.dll, AssemblyResolver.OnResolve: Microsoft.VisualStudio.TestPlatform.Fakes: Searching in: 'C:\Program Files\dotnet\sdk\5.0.402\Extensions'.
TpTrace Information: 0 : 36392, 1, 2021/10/27, 13:57:53.642, 7800544057943, vstest.console.dll, AssemblyResolver.OnResolve: Microsoft.VisualStudio.TestPlatform.Fakes: Assembly path does not exist: 'C:\Program Files\dotnet\sdk\5.0.402\Extensions\Microsoft.VisualStudio.TestPlatform.Fakes.dll', returning.
TpTrace Information: 0 : 36392, 1, 2021/10/27, 13:57:53.642, 7800544058518, vstest.console.dll, AssemblyResolver.OnResolve: Microsoft.VisualStudio.TestPlatform.Fakes: Assembly path does not exist: 'C:\Program Files\dotnet\sdk\5.0.402\Extensions\Microsoft.VisualStudio.TestPlatform.Fakes.exe', returning.
TpTrace Information: 0 : 36392, 1, 2021/10/27, 13:57:53.642, 7800544058825, vstest.console.dll, AssemblyResolver.OnResolve: Microsoft.VisualStudio.TestPlatform.Fakes: Searching in: 'C:\Program Files\dotnet\sdk\5.0.402'.
TpTrace Information: 0 : 36392, 1, 2021/10/27, 13:57:53.642, 7800544059439, vstest.console.dll, AssemblyResolver.OnResolve: Microsoft.VisualStudio.TestPlatform.Fakes: Assembly path does not exist: 'C:\Program Files\dotnet\sdk\5.0.402\Microsoft.VisualStudio.TestPlatform.Fakes.dll', returning.
TpTrace Information: 0 : 36392, 1, 2021/10/27, 13:57:53.642, 7800544059976, vstest.console.dll, AssemblyResolver.OnResolve: Microsoft.VisualStudio.TestPlatform.Fakes: Assembly path does not exist: 'C:\Program Files\dotnet\sdk\5.0.402\Microsoft.VisualStudio.TestPlatform.Fakes.exe', returning.
TpTrace Information: 0 : 36392, 1, 2021/10/27, 13:57:53.642, 7800544060245, vstest.console.dll, AssemblyResolver.OnResolve: Microsoft.VisualStudio.TestPlatform.Fakes: Failed to load assembly.
TpTrace Information: 0 : 36392, 1, 2021/10/27, 13:57:53.642, 7800544062835, vstest.console.dll, Failed to create newly implemented Fakes Configurator. Reason:System.IO.FileNotFoundException: Could not load file or assembly 'Microsoft.VisualStudio.TestPlatform.Fakes, Version=16.0.0.0, Culture=neutral, PublicKeyToken=null'. Не удается найти указанный файл.
File name: 'Microsoft.VisualStudio.TestPlatform.Fakes, Version=16.0.0.0, Culture=neutral, PublicKeyToken=null'
   at System.Reflection.RuntimeAssembly.InternalLoad(ObjectHandleOnStack assemblyName, ObjectHandleOnStack requestingAssembly, StackCrawlMarkHandle stackMark, Boolean throwOnFileNotFound, ObjectHandleOnStack assemblyLoadContext, ObjectHandleOnStack retAssembly)
   at System.Reflection.RuntimeAssembly.InternalLoad(AssemblyName assemblyName, RuntimeAssembly requestingAssembly, StackCrawlMark& stackMark, Boolean throwOnFileNotFound, AssemblyLoadContext assemblyLoadContext)
   at System.Reflection.Assembly.Load(AssemblyName assemblyRef)
   at Microsoft.VisualStudio.TestPlatform.Common.Utilities.FakesUtilities.TryGetFakesCrossPlatformDataCollectorConfigurator() 
TpTrace Verbose: 0 : 36392, 1, 2021/10/27, 13:57:53.645, 7800544088338, vstest.console.dll, TestPluginCache.DiscoverTestExtensions: finding test extensions in assemblies ends with: TestLogger.dll TPluginInfo: Microsoft.VisualStudio.TestPlatform.Common.ExtensionFramework.Utilities.TestLoggerPluginInformation TExtension: Microsoft.VisualStudio.TestPlatform.ObjectModel.Client.ITestLogger
TpTrace Verbose: 0 : 36392, 1, 2021/10/27, 13:57:53.645, 7800544088949, vstest.console.dll, TestPluginCache.GetExtensionPaths: Filtered extension paths: 
TpTrace Verbose: 0 : 36392, 1, 2021/10/27, 13:57:53.645, 7800544089247, vstest.console.dll, TestPluginCache.GetExtensionPaths: Added default extension paths: C:\Program Files\dotnet\sdk\5.0.402\Extensions\Microsoft.Diagnostics.NETCore.Client.dll
C:\Program Files\dotnet\sdk\5.0.402\Extensions\Microsoft.TestPlatform.Extensions.BlameDataCollector.dll
C:\Program Files\dotnet\sdk\5.0.402\Extensions\Microsoft.TestPlatform.Extensions.EventLogCollector.dll
C:\Program Files\dotnet\sdk\5.0.402\Extensions\Microsoft.TestPlatform.TestHostRuntimeProvider.dll
C:\Program Files\dotnet\sdk\5.0.402\Extensions\Microsoft.VisualStudio.TestPlatform.Extensions.Html.TestLogger.dll
C:\Program Files\dotnet\sdk\5.0.402\Extensions\Microsoft.VisualStudio.TestPlatform.Extensions.Trx.TestLogger.dll
TpTrace Verbose: 0 : 36392, 1, 2021/10/27, 13:57:53.645, 7800544089573, vstest.console.dll, TestPluginCache.GetExtensionPaths: Added unfilterableExtensionPaths: 
TpTrace Information: 0 : 36392, 1, 2021/10/27, 13:57:53.645, 7800544090668, vstest.console.dll, AssemblyResolver.AddSearchDirectories: Adding more searchDirectories C:\Program Files\dotnet\sdk\5.0.402\Extensions,C:\Program Files\dotnet\sdk\5.0.402
TpTrace Verbose: 0 : 36392, 1, 2021/10/27, 13:57:53.645, 7800544091075, vstest.console.dll, TestPluginCache.DiscoverTestExtensions: Discovering the extensions using extension path.
TpTrace Verbose: 0 : 36392, 1, 2021/10/27, 13:57:53.645, 7800544091352, vstest.console.dll, TestPluginCache.GetExtensionPaths: Filtered extension paths: 
TpTrace Verbose: 0 : 36392, 1, 2021/10/27, 13:57:53.645, 7800544091615, vstest.console.dll, TestPluginCache.GetExtensionPaths: Added default extension paths: C:\Program Files\dotnet\sdk\5.0.402\Extensions\Microsoft.Diagnostics.NETCore.Client.dll
C:\Program Files\dotnet\sdk\5.0.402\Extensions\Microsoft.TestPlatform.Extensions.BlameDataCollector.dll
C:\Program Files\dotnet\sdk\5.0.402\Extensions\Microsoft.TestPlatform.Extensions.EventLogCollector.dll
C:\Program Files\dotnet\sdk\5.0.402\Extensions\Microsoft.TestPlatform.TestHostRuntimeProvider.dll
C:\Program Files\dotnet\sdk\5.0.402\Extensions\Microsoft.VisualStudio.TestPlatform.Extensions.Html.TestLogger.dll
C:\Program Files\dotnet\sdk\5.0.402\Extensions\Microsoft.VisualStudio.TestPlatform.Extensions.Trx.TestLogger.dll
TpTrace Verbose: 0 : 36392, 1, 2021/10/27, 13:57:53.645, 7800544091912, vstest.console.dll, TestPluginCache.GetExtensionPaths: Added unfilterableExtensionPaths: 
TpTrace Verbose: 0 : 36392, 1, 2021/10/27, 13:57:53.645, 7800544092159, vstest.console.dll, TestPluginCache.DiscoverTestExtensions: Discovering the extensions using allExtensionPaths: C:\Program Files\dotnet\sdk\5.0.402\Extensions\Microsoft.Diagnostics.NETCore.Client.dll
C:\Program Files\dotnet\sdk\5.0.402\Extensions\Microsoft.TestPlatform.Extensions.BlameDataCollector.dll
C:\Program Files\dotnet\sdk\5.0.402\Extensions\Microsoft.TestPlatform.Extensions.EventLogCollector.dll
C:\Program Files\dotnet\sdk\5.0.402\Extensions\Microsoft.TestPlatform.TestHostRuntimeProvider.dll
C:\Program Files\dotnet\sdk\5.0.402\Extensions\Microsoft.VisualStudio.TestPlatform.Extensions.Html.TestLogger.dll
C:\Program Files\dotnet\sdk\5.0.402\Extensions\Microsoft.VisualStudio.TestPlatform.Extensions.Trx.TestLogger.dll
TpTrace Information: 0 : 36392, 1, 2021/10/27, 13:57:53.645, 7800544092540, vstest.console.dll, AssemblyResolver.AddSearchDirectories: Adding more searchDirectories C:\Program Files\dotnet\sdk\5.0.402\Extensions,C:\Program Files\dotnet\sdk\5.0.402
TpTrace Information: 0 : 36392, 1, 2021/10/27, 13:57:53.645, 7800544092817, vstest.console.dll, AssemblyResolver.AddSearchDirectories: Adding more searchDirectories C:\Program Files\dotnet\sdk\5.0.402\Extensions,C:\Program Files\dotnet\sdk\5.0.402
TpTrace Information: 0 : 36392, 1, 2021/10/27, 13:57:53.645, 7800544093068, vstest.console.dll, AssemblyResolver.AddSearchDirectories: Adding more searchDirectories C:\Program Files\dotnet\sdk\5.0.402\Extensions,C:\Program Files\dotnet\sdk\5.0.402
TpTrace Information: 0 : 36392, 1, 2021/10/27, 13:57:53.645, 7800544093362, vstest.console.dll, AssemblyResolver.AddSearchDirectories: Adding more searchDirectories C:\Program Files\dotnet\sdk\5.0.402\Extensions,C:\Program Files\dotnet\sdk\5.0.402
TpTrace Information: 0 : 36392, 1, 2021/10/27, 13:57:53.645, 7800544093610, vstest.console.dll, AssemblyResolver.AddSearchDirectories: Adding more searchDirectories C:\Program Files\dotnet\sdk\5.0.402\Extensions,C:\Program Files\dotnet\sdk\5.0.402
TpTrace Information: 0 : 36392, 1, 2021/10/27, 13:57:53.645, 7800544093856, vstest.console.dll, AssemblyResolver.AddSearchDirectories: Adding more searchDirectories C:\Program Files\dotnet\sdk\5.0.402\Extensions,C:\Program Files\dotnet\sdk\5.0.402
TpTrace Information: 0 : 36392, 1, 2021/10/27, 13:57:53.645, 7800544095731, vstest.console.dll, AssemblyResolver.OnResolve: Microsoft.Bcl.AsyncInterfaces: Resolving assembly.
TpTrace Information: 0 : 36392, 1, 2021/10/27, 13:57:53.645, 7800544096066, vstest.console.dll, AssemblyResolver.OnResolve: Microsoft.Bcl.AsyncInterfaces: Resolved from cache.
TpTrace Verbose: 0 : 36392, 1, 2021/10/27, 13:57:53.645, 7800544096336, vstest.console.dll, CurrentDomainAssemblyResolve: Resolving assembly 'Microsoft.Bcl.AsyncInterfaces'.
TpTrace Information: 0 : 36392, 1, 2021/10/27, 13:57:53.646, 7800544096757, vstest.console.dll, AssemblyResolver.OnResolve: Microsoft.Bcl.AsyncInterfaces: Resolving assembly.
TpTrace Information: 0 : 36392, 1, 2021/10/27, 13:57:53.646, 7800544097033, vstest.console.dll, AssemblyResolver.OnResolve: Microsoft.Bcl.AsyncInterfaces: Resolved from cache.
TpTrace Verbose: 0 : 36392, 1, 2021/10/27, 13:57:53.646, 7800544097344, vstest.console.dll, CurrentDomainAssemblyResolve: Resolving assembly 'Microsoft.Bcl.AsyncInterfaces'.
TpTrace Verbose: 0 : 36392, 1, 2021/10/27, 13:57:53.646, 7800544097580, vstest.console.dll, CurrentDomainAssemblyResolve: Failed to resolve assembly 'Microsoft.Bcl.AsyncInterfaces'.
TpTrace Verbose: 0 : 36392, 1, 2021/10/27, 13:57:53.646, 7800544098680, vstest.console.dll, CurrentDomainAssemblyResolve: Failed to resolve assembly 'Microsoft.Bcl.AsyncInterfaces'.
TpTrace Warning: 0 : 36392, 1, 2021/10/27, 13:57:53.646, 7800544100681, vstest.console.dll, TestPluginDiscoverer: Failed to get types from assembly 'Microsoft.Diagnostics.NETCore.Client, Version=0.2.2.41902, Culture=neutral, PublicKeyToken=31bf3856ad364e35'.  Skipping test extension scan for this assembly.  Error: System.Reflection.ReflectionTypeLoadException: Unable to load one or more of the requested types.
Could not load file or assembly 'Microsoft.Bcl.AsyncInterfaces, Version=1.0.0.0, Culture=neutral, PublicKeyToken=cc7b13ffcd2ddd51'. Не удается найти указанный файл.
   at System.Reflection.RuntimeModule.GetTypes(RuntimeModule module)
   at System.Reflection.RuntimeModule.GetTypes()
   at System.Reflection.Assembly.GetTypes()
   at Microsoft.VisualStudio.TestPlatform.Common.ExtensionFramework.TestPluginDiscoverer.GetTestExtensionsFromAssembly[TPluginInfo,TExtension](Assembly assembly, Dictionary`2 pluginInfos)
System.IO.FileNotFoundException: Could not load file or assembly 'Microsoft.Bcl.AsyncInterfaces, Version=1.0.0.0, Culture=neutral, PublicKeyToken=cc7b13ffcd2ddd51'. Не удается найти указанный файл.
File name: 'Microsoft.Bcl.AsyncInterfaces, Version=1.0.0.0, Culture=neutral, PublicKeyToken=cc7b13ffcd2ddd51'
TpTrace Warning: 0 : 36392, 1, 2021/10/27, 13:57:53.646, 7800544101106, vstest.console.dll, LoaderExceptions: System.IO.FileNotFoundException: Could not load file or assembly 'Microsoft.Bcl.AsyncInterfaces, Version=1.0.0.0, Culture=neutral, PublicKeyToken=cc7b13ffcd2ddd51'. Не удается найти указанный файл.
File name: 'Microsoft.Bcl.AsyncInterfaces, Version=1.0.0.0, Culture=neutral, PublicKeyToken=cc7b13ffcd2ddd51'
TpTrace Verbose: 0 : 36392, 1, 2021/10/27, 13:57:53.646, 7800544103696, vstest.console.dll, TestPluginCache: Discovered the extensions using extension path ''.
TpTrace Verbose: 0 : 36392, 1, 2021/10/27, 13:57:53.646, 7800544104070, vstest.console.dll, TestPluginCache: Discoverers are ''.
TpTrace Verbose: 0 : 36392, 1, 2021/10/27, 13:57:53.646, 7800544104303, vstest.console.dll, TestPluginCache: Executors are ''.
TpTrace Verbose: 0 : 36392, 1, 2021/10/27, 13:57:53.646, 7800544104513, vstest.console.dll, TestPluginCache: Executors2 are ''.
TpTrace Verbose: 0 : 36392, 1, 2021/10/27, 13:57:53.646, 7800544104721, vstest.console.dll, TestPluginCache: Setting providers are ''.
TpTrace Verbose: 0 : 36392, 1, 2021/10/27, 13:57:53.646, 7800544105274, vstest.console.dll, TestPluginCache: Loggers are 'logger://Microsoft/TestPlatform/Extensions/Blame/v1,logger://Microsoft/TestPlatform/HtmlLogger/v1,logger://Microsoft/TestPlatform/TrxLogger/v1'.
TpTrace Information: 0 : 36392, 1, 2021/10/27, 13:57:53.647, 7800544111903, vstest.console.dll, TestPluginManager.CreateTestExtension: Attempting to load test extension: Microsoft.TestPlatform.Extensions.BlameDataCollector.BlameLogger
TpTrace Information: 0 : 36392, 1, 2021/10/27, 13:57:53.653, 7800544175707, vstest.console.dll, TestPluginManager.CreateTestExtension: Attempting to load test extension: Microsoft.VisualStudio.TestPlatform.CrossPlatEngine.Hosting.DefaultTestHostManager
TpTrace Information: 0 : 36392, 1, 2021/10/27, 13:57:53.654, 7800544177838, vstest.console.dll, TestPluginManager.CreateTestExtension: Attempting to load test extension: Microsoft.VisualStudio.TestPlatform.CrossPlatEngine.Hosting.DotnetTestHostManager
TpTrace Verbose: 0 : 36392, 1, 2021/10/27, 13:57:53.654, 7800544181923, vstest.console.dll, TestEngine: Initializing Parallel Execution as MaxCpuCount is set to: 1
TpTrace Information: 0 : 36392, 1, 2021/10/27, 13:57:53.654, 7800544185496, vstest.console.dll, InferRunSettingsHelper.IsTestSettingsEnabled: Unable to navigate to RunSettings/MSTest. Current node: RunSettings
TpTrace Verbose: 0 : 36392, 1, 2021/10/27, 13:57:53.664, 7800544281704, vstest.console.dll, TestRequestSender is acting as server
TpTrace Verbose: 0 : 36392, 4, 2021/10/27, 13:57:53.667, 7800544308536, vstest.console.dll, DataCollectionRequestSender.InitializeCommunication : Initialize communication. 
TpTrace Information: 0 : 36392, 4, 2021/10/27, 13:57:53.675, 7800544391957, vstest.console.dll, Listening on Endpoint : 127.0.0.1:53708
TpTrace Verbose: 0 : 36392, 4, 2021/10/27, 13:57:53.684, 7800544478609, vstest.console.dll, DotnetDataCollectionLauncher: Full path of dotnet.exe is C:\Program Files\dotnet\dotnet.exe
TpTrace Verbose: 0 : 36392, 4, 2021/10/27, 13:57:53.684, 7800544480043, vstest.console.dll, DotnetDataCollectionLauncher: Adding  --runtimeconfig "C:\Program Files\dotnet\sdk\5.0.402\datacollector.runtimeconfig.json" in args
TpTrace Verbose: 0 : 36392, 4, 2021/10/27, 13:57:53.684, 7800544480769, vstest.console.dll, DotnetDataCollectionLauncher: Adding  --depsfile "C:\Program Files\dotnet\sdk\5.0.402\datacollector.deps.json" in args
TpTrace Information: 0 : 36392, 4, 2021/10/27, 13:57:53.689, 7800544534469, vstest.console.dll, ProxyDataCollectionManager.Initialize: Launched datacollector processId: 34560 port: 53708
TpTrace Information: 0 : 36392, 4, 2021/10/27, 13:57:53.689, 7800544535528, vstest.console.dll, ProxyDataCollectionManager.Initialize: waiting for connection with timeout: 90 seconds
TpTrace Verbose: 0 : 36392, 4, 2021/10/27, 13:57:53.689, 7800544535956, vstest.console.dll, DataCollectionRequestSender.WaitForRequestHandlerConnection : Waiting for connection with timeout: 90000
TpTrace Information: 0 : 36392, 7, 2021/10/27, 13:57:53.811, 7800545752927, vstest.console.dll, Using the buffer size of 16384 bytes
TpTrace Verbose: 0 : 36392, 4, 2021/10/27, 13:57:53.811, 7800545753305, vstest.console.dll, ProxyDataCollectionManager.InvokeDataCollectionServiceAction: Starting.
TpTrace Information: 0 : 36392, 7, 2021/10/27, 13:57:53.811, 7800545754009, vstest.console.dll, Accepted Client request and set the flag
TpTrace Information: 0 : 36392, 4, 2021/10/27, 13:57:53.811, 7800545754140, vstest.console.dll, ProxyDataCollectionManager.BeforeTestRunStart: Get environment variable and port for datacollector processId: 34560 port: 53708
TpTrace Verbose: 0 : 36392, 4, 2021/10/27, 13:57:53.811, 7800545755718, vstest.console.dll, DataCollectionRequestSender.SendBeforeTestRunStartAndGetResult : Send BeforeTestRunStart message with settingsXml <RunSettings><RunConfiguration><ResultsDirectory>D:\Звіти 3 курс\1 сем\ООП\2\LabWork2\Tests\bin\Debug\netcoreapp3.1\fine-code-coverage\coverage-tool-output</ResultsDirectory><TargetPlatform>X64</TargetPlatform><TargetFrameworkVersion>.NETCoreApp,Version=v3.1</TargetFrameworkVersion><DesignMode>False</DesignMode><CollectSourceInformation>False</CollectSourceInformation><TestAdaptersPaths>C:\Program Files\dotnet\sdk\5.0.402\Extensions</TestAdaptersPaths></RunConfiguration><LoggerRunSettings><Loggers><Logger friendlyName="blame" enabled="True" /><Logger friendlyName="Console" uri="logger://microsoft/TestPlatform/ConsoleLogger/v1" assemblyQualifiedName="Microsoft.VisualStudio.TestPlatform.CommandLine.Internal.ConsoleLogger, vstest.console, Version=15.0.0.0, Culture=neutral, PublicKeyToken=b03f5f7f11d50a3a" codeBase="C:\Program Files\dotnet\sdk\5.0.402\vstest.console.dll" enabled="True" /></Loggers></LoggerRunSettings><DataCollectionRunSettings><DataCollectors><DataCollector friendlyName="blame" enabled="True"><Configuration><ResultsDirectory>D:\Звіти 3 курс\1 сем\ООП\2\LabWork2\Tests\bin\Debug\netcoreapp3.1\fine-code-coverage\coverage-tool-output</ResultsDirectory></Configuration></DataCollector></DataCollectors></DataCollectionRunSettings></RunSettings> and sources System.Linq.Enumerable+Concat2Iterator`1[System.String]: 
TpTrace Verbose: 0 : 36392, 4, 2021/10/27, 13:57:53.864, 7800546283486, vstest.console.dll, DataCollectionRequestSender.SendBeforeTestRunStartAndGetResult : Received message: (DataCollection.SendMessage) -> {
  "FriendlyName": null,
  "Uri": null,
  "TestCaseId": "00000000-0000-0000-0000-000000000000",
  "Message": "Logging DataCollector Diagnostics in file: D:\\Звіти 3 курс\\1 сем\\ООП\\2\\LabWork2\\Tests\\bin\\Debug\\netcoreapp3.1\\fine-code-coverage\\coverage-tool-output\\diagnostics.datacollector.21-10-27_13-57-53_68067_4.log",
  "Level": 0
}
TpTrace Information: 0 : 36392, 4, 2021/10/27, 13:57:53.868, 7800546325828, vstest.console.dll, AssemblyResolver.OnResolve: Microsoft.VisualStudio.TestPlatform.Common.resources: Resolving assembly.
TpTrace Information: 0 : 36392, 4, 2021/10/27, 13:57:53.868, 7800546326520, vstest.console.dll, AssemblyResolver.OnResolve: Microsoft.VisualStudio.TestPlatform.Common.resources: Searching in: 'C:\Program Files\dotnet\sdk\5.0.402\Extensions'.
TpTrace Information: 0 : 36392, 4, 2021/10/27, 13:57:53.869, 7800546327213, vstest.console.dll, AssemblyResolver.OnResolve: Microsoft.VisualStudio.TestPlatform.Common.resources: Assembly path does not exist: 'C:\Program Files\dotnet\sdk\5.0.402\Extensions\Microsoft.VisualStudio.TestPlatform.Common.resources.dll', returning.
TpTrace Information: 0 : 36392, 4, 2021/10/27, 13:57:53.869, 7800546327779, vstest.console.dll, AssemblyResolver.OnResolve: Microsoft.VisualStudio.TestPlatform.Common.resources: Assembly path does not exist: 'C:\Program Files\dotnet\sdk\5.0.402\Extensions\Microsoft.VisualStudio.TestPlatform.Common.resources.exe', returning.
TpTrace Information: 0 : 36392, 4, 2021/10/27, 13:57:53.869, 7800546328054, vstest.console.dll, AssemblyResolver.OnResolve: Microsoft.VisualStudio.TestPlatform.Common.resources: Searching in: 'C:\Program Files\dotnet\sdk\5.0.402'.
TpTrace Information: 0 : 36392, 4, 2021/10/27, 13:57:53.869, 7800546328567, vstest.console.dll, AssemblyResolver.OnResolve: Microsoft.VisualStudio.TestPlatform.Common.resources: Assembly path does not exist: 'C:\Program Files\dotnet\sdk\5.0.402\Microsoft.VisualStudio.TestPlatform.Common.resources.dll', returning.
TpTrace Information: 0 : 36392, 4, 2021/10/27, 13:57:53.869, 7800546329153, vstest.console.dll, AssemblyResolver.OnResolve: Microsoft.VisualStudio.TestPlatform.Common.resources: Assembly path does not exist: 'C:\Program Files\dotnet\sdk\5.0.402\Microsoft.VisualStudio.TestPlatform.Common.resources.exe', returning.
TpTrace Information: 0 : 36392, 4, 2021/10/27, 13:57:53.869, 7800546329433, vstest.console.dll, AssemblyResolver.OnResolve: Microsoft.VisualStudio.TestPlatform.Common.resources: Failed to load assembly.
TpTrace Verbose: 0 : 36392, 4, 2021/10/27, 13:57:53.911, 7800546754552, vstest.console.dll, DataCollectionRequestSender.SendBeforeTestRunStartAndGetResult : Received message: (DataCollection.BeforeTestRunStartResult) -> {
  "EnvironmentVariables": {},
  "DataCollectionEventsPort": 53710
}
TpTrace Information: 0 : 36392, 4, 2021/10/27, 13:57:53.914, 7800546781082, vstest.console.dll, ProxyDataCollectionManager.BeforeTestRunStart: SendBeforeTestRunStartAndGetResult successful, env variable from datacollector:   and testhost port: 53710
TpTrace Information: 0 : 36392, 4, 2021/10/27, 13:57:53.914, 7800546781680, vstest.console.dll, ProxyDataCollectionManager.InvokeDataCollectionServiceAction: Completed.
TpTrace Verbose: 0 : 36392, 1, 2021/10/27, 13:57:53.914, 7800546782586, vstest.console.dll, TestRunRequest.ExecuteAsync: Creating test run request.
TpTrace Verbose: 0 : 36392, 1, 2021/10/27, 13:57:53.914, 7800546784450, vstest.console.dll, TestRunRequest.ExecuteAsync: Starting.
TpTrace Information: 0 : 36392, 1, 2021/10/27, 13:57:53.914, 7800546786234, vstest.console.dll, TestRunRequest.ExecuteAsync: Starting run with settings:TestRunCriteria:
   KeepAlive=False,FrequencyOfRunStatsChangeEvent=10,RunStatsChangeEventTimeout=00:00:01.5000000,TestCaseFilter=,TestExecutorLauncher=
   Settingsxml=<RunSettings>
  <RunConfiguration>
    <ResultsDirectory>D:\Звіти 3 курс\1 сем\ООП\2\LabWork2\Tests\bin\Debug\netcoreapp3.1\fine-code-coverage\coverage-tool-output</ResultsDirectory>
    <TargetPlatform>X64</TargetPlatform>
    <TargetFrameworkVersion>.NETCoreApp,Version=v3.1</TargetFrameworkVersion>
    <DesignMode>False</DesignMode>
    <CollectSourceInformation>False</CollectSourceInformation>
  </RunConfiguration>
  <LoggerRunSettings>
    <Loggers>
      <Logger friendlyName="blame" enabled="True" />
      <Logger friendlyName="Console" uri="logger://microsoft/TestPlatform/ConsoleLogger/v1" assemblyQualifiedName="Microsoft.VisualStudio.TestPlatform.CommandLine.Internal.ConsoleLogger, vstest.console, Version=15.0.0.0, Culture=neutral, PublicKeyToken=b03f5f7f11d50a3a" codeBase="C:\Program Files\dotnet\sdk\5.0.402\vstest.console.dll" enabled="True" />
    </Loggers>
  </LoggerRunSettings>
  <DataCollectionRunSettings>
    <DataCollectors>
      <DataCollector friendlyName="blame" enabled="True">
        <Configuration>
          <ResultsDirectory>D:\Звіти 3 курс\1 сем\ООП\2\LabWork2\Tests\bin\Debug\netcoreapp3.1\fine-code-coverage\coverage-tool-output</ResultsDirectory>
        </Configuration>
      </DataCollector>
    </DataCollectors>
  </DataCollectionRunSettings>
</RunSettings>

TpTrace Verbose: 0 : 36392, 1, 2021/10/27, 13:57:53.915, 7800546787097, vstest.console.dll, TestRunRequest.ExecuteAsync: Wait for the first run request is over.
TpTrace Verbose: 0 : 36392, 1, 2021/10/27, 13:57:53.915, 7800546789883, vstest.console.dll, ParallelProxyExecutionManager: Start execution. Total sources: 1
TpTrace Information: 0 : 36392, 1, 2021/10/27, 13:57:53.915, 7800546794053, vstest.console.dll, ProxyParallelExecutionManager: Triggering test run for next source: D:\Звіти 3 курс\1 сем\ООП\2\LabWork2\Tests\bin\Debug\netcoreapp3.1\fine-code-coverage\build-output\Tests.dll
TpTrace Verbose: 0 : 36392, 10, 2021/10/27, 13:57:53.915, 7800546795191, vstest.console.dll, ParallelProxyExecutionManager: Execution started. Started clients: 1
TpTrace Verbose: 0 : 36392, 1, 2021/10/27, 13:57:53.915, 7800546795523, vstest.console.dll, ProxyParallelExecutionManager: No sources available for execution.
TpTrace Information: 0 : 36392, 1, 2021/10/27, 13:57:53.915, 7800546796128, vstest.console.dll, TestRunRequest.ExecuteAsync: Started.
TpTrace Verbose: 0 : 36392, 1, 2021/10/27, 13:57:53.915, 7800546796704, vstest.console.dll, TestRunRequest.WaitForCompletion: Waiting with timeout -1.
TpTrace Verbose: 0 : 36392, 10, 2021/10/27, 13:57:53.916, 7800546797329, vstest.console.dll, TestRunRequest:SendTestRunMessage: Starting.
TpTrace Information: 0 : 36392, 10, 2021/10/27, 13:57:53.916, 7800546798117, vstest.console.dll, TestRunRequest:SendTestRunMessage: Completed.
TpTrace Verbose: 0 : 36392, 10, 2021/10/27, 13:57:53.916, 7800546799621, vstest.console.dll, ProxyExecutionManager: Test host is always Lazy initialize.
TpTrace Verbose: 0 : 36392, 10, 2021/10/27, 13:57:53.916, 7800546801286, vstest.console.dll, TestRequestSender.InitializeCommunication: initialize communication. 
TpTrace Information: 0 : 36392, 10, 2021/10/27, 13:57:53.916, 7800546804965, vstest.console.dll, SocketServer.Start: Listening on endpoint : 127.0.0.1:53711
TpTrace Verbose: 0 : 36392, 10, 2021/10/27, 13:57:53.917, 7800546809451, vstest.console.dll, DotnetTestHostmanager: Adding  --runtimeconfig "D:\Звіти 3 курс\1 сем\ООП\2\LabWork2\Tests\bin\Debug\netcoreapp3.1\fine-code-coverage\build-output\Tests.runtimeconfig.json" in args
TpTrace Verbose: 0 : 36392, 10, 2021/10/27, 13:57:53.917, 7800546809945, vstest.console.dll, DotnetTestHostmanager: Adding  --depsfile "D:\Звіти 3 курс\1 сем\ООП\2\LabWork2\Tests\bin\Debug\netcoreapp3.1\fine-code-coverage\build-output\Tests.deps.json" in args
TpTrace Verbose: 0 : 36392, 10, 2021/10/27, 13:57:53.917, 7800546811522, vstest.console.dll, DotnetTestHostManager: Testhost.exe/testhost.x86.exe found at path: D:\Звіти 3 курс\1 сем\ООП\2\LabWork2\Tests\bin\Debug\netcoreapp3.1\fine-code-coverage\build-output\testhost.exe
TpTrace Verbose: 0 : 36392, 10, 2021/10/27, 13:57:53.917, 7800546811959, vstest.console.dll, DotnetTestHostmanager: Full path of host exe is D:\Звіти 3 курс\1 сем\ООП\2\LabWork2\Tests\bin\Debug\netcoreapp3.1\fine-code-coverage\build-output\testhost.exe
TpTrace Verbose: 0 : 36392, 4, 2021/10/27, 13:57:53.918, 7800546818542, vstest.console.dll, DotnetTestHostManager: Starting process 'D:\Звіти 3 курс\1 сем\ООП\2\LabWork2\Tests\bin\Debug\netcoreapp3.1\fine-code-coverage\build-output\testhost.exe' with command line ' --runtimeconfig "D:\Звіти 3 курс\1 сем\ООП\2\LabWork2\Tests\bin\Debug\netcoreapp3.1\fine-code-coverage\build-output\Tests.runtimeconfig.json" --depsfile "D:\Звіти 3 курс\1 сем\ООП\2\LabWork2\Tests\bin\Debug\netcoreapp3.1\fine-code-coverage\build-output\Tests.deps.json" --port 53711 --endpoint 127.0.0.1:053711 --role client --parentprocessid 36392 --diag "D:\Звіти 3 курс\1 сем\ООП\2\LabWork2\Tests\bin\Debug\netcoreapp3.1\fine-code-coverage\coverage-tool-output\diagnostics.host.21-10-27_13-57-53_91702_10.log" --tracelevel 4 --datacollectionport 53710 --telemetryoptedin false'
TpTrace Verbose: 0 : 36392, 4, 2021/10/27, 13:57:53.921, 7800546852861, vstest.console.dll, Test Runtime launched
TpTrace Verbose: 0 : 36392, 10, 2021/10/27, 13:57:53.922, 7800546857434, vstest.console.dll, TestRequestSender.WaitForRequestHandlerConnection: waiting for connection with timeout: 90000
TpTrace Verbose: 0 : 36392, 4, 2021/10/27, 13:57:54.049, 7800548129015, vstest.console.dll, SocketServer.OnClientConnected: Client connected for endPoint: 127.0.0.1:53711, starting MessageLoopAsync:
TpTrace Verbose: 0 : 36392, 13, 2021/10/27, 13:57:54.049, 7800548130860, vstest.console.dll, TcpClientExtensions.MessageLoopAsync: Polling on remoteEndPoint: 127.0.0.1:53712 localEndPoint: 127.0.0.1:53711
TpTrace Verbose: 0 : 36392, 13, 2021/10/27, 13:57:54.160, 7800549245076, vstest.console.dll, TcpClientExtensions.MessageLoopAsync: NotifyDataAvailable remoteEndPoint: 127.0.0.1:53712 localEndPoint: 127.0.0.1:53711
TpTrace Verbose: 0 : 36392, 13, 2021/10/27, 13:57:54.160, 7800549246884, vstest.console.dll, TestRequestSender.CheckVersionWithTestHost: onMessageReceived received message: (ProtocolVersion) -> 5
TpTrace Verbose: 0 : 36392, 13, 2021/10/27, 13:57:54.161, 7800549249779, vstest.console.dll, TcpClientExtensions.MessageLoopAsync: Polling on remoteEndPoint: 127.0.0.1:53712 localEndPoint: 127.0.0.1:53711
TpTrace Verbose: 0 : 36392, 10, 2021/10/27, 13:57:54.161, 7800549250405, vstest.console.dll, TestPluginCache.GetExtensionPaths: Filtered extension paths: 
TpTrace Verbose: 0 : 36392, 10, 2021/10/27, 13:57:54.161, 7800549251000, vstest.console.dll, TestPluginCache.GetExtensionPaths: Added default extension paths: C:\Program Files\dotnet\sdk\5.0.402\Extensions\Microsoft.Diagnostics.NETCore.Client.dll
C:\Program Files\dotnet\sdk\5.0.402\Extensions\Microsoft.TestPlatform.Extensions.BlameDataCollector.dll
C:\Program Files\dotnet\sdk\5.0.402\Extensions\Microsoft.TestPlatform.Extensions.EventLogCollector.dll
C:\Program Files\dotnet\sdk\5.0.402\Extensions\Microsoft.TestPlatform.TestHostRuntimeProvider.dll
C:\Program Files\dotnet\sdk\5.0.402\Extensions\Microsoft.VisualStudio.TestPlatform.Extensions.Html.TestLogger.dll
C:\Program Files\dotnet\sdk\5.0.402\Extensions\Microsoft.VisualStudio.TestPlatform.Extensions.Trx.TestLogger.dll
TpTrace Verbose: 0 : 36392, 10, 2021/10/27, 13:57:54.161, 7800549251326, vstest.console.dll, TestPluginCache.GetExtensionPaths: Added unfilterableExtensionPaths: 
TpTrace Verbose: 0 : 36392, 10, 2021/10/27, 13:57:54.163, 7800549274261, vstest.console.dll, TestRequestSender.InitializeExecution: Sending initializing execution with message: {"Version":5,"MessageType":"TestExecution.Initialize","Payload":["D:\\Звіти 3 курс\\1 сем\\ООП\\2\\LabWork2\\Tests\\bin\\Debug\\netcoreapp3.1\\fine-code-coverage\\build-output\\NUnit3.TestAdapter.dll"]}
TpTrace Verbose: 0 : 36392, 10, 2021/10/27, 13:57:54.169, 7800549331074, vstest.console.dll, TestRequestSender.StartTestRun: Sending test run with message: {"Version":5,"MessageType":"TestExecution.StartWithSources","Payload":{"AdapterSourceMap":{"_none_":["D:\\Звіти 3 курс\\1 сем\\ООП\\2\\LabWork2\\Tests\\bin\\Debug\\netcoreapp3.1\\fine-code-coverage\\build-output\\Tests.dll"]},"RunSettings":"<RunSettings>\r\n  <RunConfiguration>\r\n    <ResultsDirectory>D:\\Звіти 3 курс\\1 сем\\ООП\\2\\LabWork2\\Tests\\bin\\Debug\\netcoreapp3.1\\fine-code-coverage\\coverage-tool-output</ResultsDirectory>\r\n    <TargetPlatform>X64</TargetPlatform>\r\n    <TargetFrameworkVersion>.NETCoreApp,Version=v3.1</TargetFrameworkVersion>\r\n    <DesignMode>False</DesignMode>\r\n    <CollectSourceInformation>False</CollectSourceInformation>\r\n  </RunConfiguration>\r\n  <LoggerRunSettings>\r\n    <Loggers>\r\n      <Logger friendlyName=\"blame\" enabled=\"True\" />\r\n      <Logger friendlyName=\"Console\" uri=\"logger://microsoft/TestPlatform/ConsoleLogger/v1\" assemblyQualifiedName=\"Microsoft.VisualStudio.TestPlatform.CommandLine.Internal.ConsoleLogger, vstest.console, Version=15.0.0.0, Culture=neutral, PublicKeyToken=b03f5f7f11d50a3a\" codeBase=\"C:\\Program Files\\dotnet\\sdk\\5.0.402\\vstest.console.dll\" enabled=\"True\" />\r\n    </Loggers>\r\n  </LoggerRunSettings>\r\n  <DataCollectionRunSettings>\r\n    <DataCollectors>\r\n      <DataCollector friendlyName=\"blame\" enabled=\"True\">\r\n        <Configuration>\r\n          <ResultsDirectory>D:\\Звіти 3 курс\\1 сем\\ООП\\2\\LabWork2\\Tests\\bin\\Debug\\netcoreapp3.1\\fine-code-coverage\\coverage-tool-output</ResultsDirectory>\r\n        </Configuration>\r\n      </DataCollector>\r\n    </DataCollectors>\r\n  </DataCollectionRunSettings>\r\n</RunSettings>","TestExecutionContext":{"FrequencyOfRunStatsChangeEvent":10,"RunStatsChangeEventTimeout":"00:00:01.5000000","InIsolation":false,"KeepAlive":false,"AreTestCaseLevelEventsRequired":false,"IsDebug":false,"TestCaseFilter":null,"FilterOptions":null},"Package":null}}
TpTrace Verbose: 0 : 36392, 13, 2021/10/27, 13:57:54.171, 7800549347430, vstest.console.dll, TcpClientExtensions.MessageLoopAsync: NotifyDataAvailable remoteEndPoint: 127.0.0.1:53712 localEndPoint: 127.0.0.1:53711
TpTrace Verbose: 0 : 36392, 13, 2021/10/27, 13:57:54.171, 7800549348516, vstest.console.dll, TestRequestSender.OnExecutionMessageReceived: Received message: {"Version":5,"MessageType":"TestSession.Message","Payload":{"MessageLevel":0,"Message":"Ведение журналов диагностики TestHost в файле: D:\\Звіти 3 курс\\1 сем\\ООП\\2\\LabWork2\\Tests\\bin\\Debug\\netcoreapp3.1\\fine-code-coverage\\coverage-tool-output\\diagnostics.host.21-10-27_13-57-53_91702_10.log"}}
TpTrace Verbose: 0 : 36392, 13, 2021/10/27, 13:57:54.172, 7800549361612, vstest.console.dll, TestRunRequest:SendTestRunMessage: Starting.
TpTrace Information: 0 : 36392, 13, 2021/10/27, 13:57:54.172, 7800549362310, vstest.console.dll, TestRunRequest:SendTestRunMessage: Completed.
TpTrace Verbose: 0 : 36392, 13, 2021/10/27, 13:57:54.172, 7800549362608, vstest.console.dll, TcpClientExtensions.MessageLoopAsync: Polling on remoteEndPoint: 127.0.0.1:53712 localEndPoint: 127.0.0.1:53711
TpTrace Verbose: 0 : 36392, 13, 2021/10/27, 13:57:54.288, 7800550525803, vstest.console.dll, TcpClientExtensions.MessageLoopAsync: NotifyDataAvailable remoteEndPoint: 127.0.0.1:53712 localEndPoint: 127.0.0.1:53711
TpTrace Verbose: 0 : 36392, 13, 2021/10/27, 13:57:54.288, 7800550526783, vstest.console.dll, TestRequestSender.OnExecutionMessageReceived: Received message: {"Version":5,"MessageType":"TestSession.Message","Payload":{"MessageLevel":0,"Message":"NUnit Adapter 4.0.0.0: Test execution started"}}
TpTrace Verbose: 0 : 36392, 13, 2021/10/27, 13:57:54.289, 7800550528154, vstest.console.dll, TestRunRequest:SendTestRunMessage: Starting.
TpTrace Information: 0 : 36392, 13, 2021/10/27, 13:57:54.289, 7800550528591, vstest.console.dll, TestRunRequest:SendTestRunMessage: Completed.
TpTrace Verbose: 0 : 36392, 13, 2021/10/27, 13:57:54.289, 7800550528878, vstest.console.dll, TcpClientExtensions.MessageLoopAsync: Polling on remoteEndPoint: 127.0.0.1:53712 localEndPoint: 127.0.0.1:53711
TpTrace Verbose: 0 : 36392, 13, 2021/10/27, 13:57:54.310, 7800550740072, vstest.console.dll, TcpClientExtensions.MessageLoopAsync: NotifyDataAvailable remoteEndPoint: 127.0.0.1:53712 localEndPoint: 127.0.0.1:53711
TpTrace Verbose: 0 : 36392, 13, 2021/10/27, 13:57:54.310, 7800550741009, vstest.console.dll, TestRequestSender.OnExecutionMessageReceived: Received message: {"Version":5,"MessageType":"TestSession.Message","Payload":{"MessageLevel":0,"Message":"Running all tests in D:\\Звіти 3 курс\\1 сем\\ООП\\2\\LabWork2\\Tests\\bin\\Debug\\netcoreapp3.1\\fine-code-coverage\\build-output\\Tests.dll"}}
TpTrace Verbose: 0 : 36392, 13, 2021/10/27, 13:57:54.310, 7800550742227, vstest.console.dll, TestRunRequest:SendTestRunMessage: Starting.
TpTrace Information: 0 : 36392, 13, 2021/10/27, 13:57:54.310, 7800550742638, vstest.console.dll, TestRunRequest:SendTestRunMessage: Completed.
TpTrace Verbose: 0 : 36392, 13, 2021/10/27, 13:57:54.310, 7800550742904, vstest.console.dll, TcpClientExtensions.MessageLoopAsync: Polling on remoteEndPoint: 127.0.0.1:53712 localEndPoint: 127.0.0.1:53711
TpTrace Verbose: 0 : 36392, 13, 2021/10/27, 13:57:54.416, 7800551805234, vstest.console.dll, TcpClientExtensions.MessageLoopAsync: NotifyDataAvailable remoteEndPoint: 127.0.0.1:53712 localEndPoint: 127.0.0.1:53711
TpTrace Verbose: 0 : 36392, 13, 2021/10/27, 13:57:54.416, 7800551806355, vstest.console.dll, TestRequestSender.OnExecutionMessageReceived: Received message: {"Version":5,"MessageType":"TestSession.Message","Payload":{"MessageLevel":0,"Message":"   NUnit3TestExecutor discovered 24 of 24 NUnit test cases using Current Discovery mode, Non-Explicit run"}}
TpTrace Verbose: 0 : 36392, 13, 2021/10/27, 13:57:54.417, 7800551807777, vstest.console.dll, TestRunRequest:SendTestRunMessage: Starting.
TpTrace Information: 0 : 36392, 13, 2021/10/27, 13:57:54.417, 7800551808322, vstest.console.dll, TestRunRequest:SendTestRunMessage: Completed.
TpTrace Verbose: 0 : 36392, 13, 2021/10/27, 13:57:54.417, 7800551808611, vstest.console.dll, TcpClientExtensions.MessageLoopAsync: Polling on remoteEndPoint: 127.0.0.1:53712 localEndPoint: 127.0.0.1:53711
TpTrace Verbose: 0 : 36392, 13, 2021/10/27, 13:57:54.528, 7800552918790, vstest.console.dll, TcpClientExtensions.MessageLoopAsync: NotifyDataAvailable remoteEndPoint: 127.0.0.1:53712 localEndPoint: 127.0.0.1:53711
TpTrace Verbose: 0 : 36392, 13, 2021/10/27, 13:57:54.528, 7800552921179, vstest.console.dll, TestRequestSender.OnExecutionMessageReceived: Received message: {"Version":5,"MessageType":"TestExecution.StatsChange","Payload":{"NewTestResults":[{"TestCase":{"Id":"831f4401-a66f-7edc-37d8-de3044128b7f","FullyQualifiedName":"Tests.CLLTests.Add_ReturnedArgumentNullException","DisplayName":"Add_ReturnedArgumentNullException","ExecutorUri":"executor://NUnit3TestExecutor","Source":"D:\\Звіти 3 курс\\1 сем\\ООП\\2\\LabWork2\\Tests\\bin\\Debug\\netcoreapp3.1\\fine-code-coverage\\build-output\\Tests.dll","CodeFilePath":null,"LineNumber":0,"Properties":[{"Key":{"Id":"NUnit.Seed","Label":"Seed","Category":"","Description":"","Attributes":0,"ValueType":"System.String"},"Value":"226656530"}]},"Attachments":[],"Outcome":1,"ErrorMessage":null,"ErrorStackTrace":null,"DisplayName":"Add_ReturnedArgumentNullException","Messages":[],"ComputerName":"MAX-PC","Duration":"00:00:00.0105800","StartTime":"2021-10-27T10:57:54.4400652+00:00","EndTime":"2021-10-27T10:57:54.4505741+00:00","Properties":[{"Key":{"Id":"NUnit.Seed","Label":"Seed","Category":"","Description":"","Attributes":0,"ValueType":"System.String"},"Value":"226656530"}]},{"TestCase":{"Id":"7f69ce8d-233e-84b5-985a-422f50606591","FullyQualifiedName":"Tests.CLLTests.AddAfter_And_AddBefore_ReturnedExpectedBool(2,88,[1, 2, 3],True)","DisplayName":"AddAfter_And_AddBefore_ReturnedExpectedBool(2,88,[1, 2, 3],True)","ExecutorUri":"executor://NUnit3TestExecutor","Source":"D:\\Звіти 3 курс\\1 сем\\ООП\\2\\LabWork2\\Tests\\bin\\Debug\\netcoreapp3.1\\fine-code-coverage\\build-output\\Tests.dll","CodeFilePath":null,"LineNumber":0,"Properties":[{"Key":{"Id":"NUnit.Seed","Label":"Seed","Category":"","Description":"","Attributes":0,"ValueType":"System.String"},"Value":"810346633"}]},"Attachments":[],"Outcome":1,"ErrorMessage":null,"ErrorStackTrace":null,"DisplayName":"AddAfter_And_AddBefore_ReturnedExpectedBool(2,88,[1, 2, 3],True)","Messages":[],"ComputerName":"MAX-PC","Duration":"00:00:00.0066140","StartTime":"2021-10-27T10:57:54.4519049+00:00","EndTime":"2021-10-27T10:57:54.4585137+00:00","Properties":[{"Key":{"Id":"NUnit.Seed","Label":"Seed","Category":"","Description":"","Attributes":0,"ValueType":"System.String"},"Value":"810346633"}]},{"TestCase":{"Id":"070eefc9-f8ce-78fd-8a7e-a191c43a7913","FullyQualifiedName":"Tests.CLLTests.AddAfter_And_AddBefore_ReturnedExpectedBool(2,-1,[-11, 52, 93, 1000],True)","DisplayName":"AddAfter_And_AddBefore_ReturnedExpectedBool(2,-1,[-11, 52, 93, 1000],True)","ExecutorUri":"executor://NUnit3TestExecutor","Source":"D:\\Звіти 3 курс\\1 сем\\ООП\\2\\LabWork2\\Tests\\bin\\Debug\\netcoreapp3.1\\fine-code-coverage\\build-output\\Tests.dll","CodeFilePath":null,"LineNumber":0,"Properties":[{"Key":{"Id":"NUnit.Seed","Label":"Seed","Category":"","Description":"","Attributes":0,"ValueType":"System.String"},"Value":"711565908"}]},"Attachments":[],"Outcome":1,"ErrorMessage":null,"ErrorStackTrace":null,"DisplayName":"AddAfter_And_AddBefore_ReturnedExpectedBool(2,-1,[-11, 52, 93, 1000],True)","Messages":[],"ComputerName":"MAX-PC","Duration":"00:00:00.0000790","StartTime":"2021-10-27T10:57:54.4585564+00:00","EndTime":"2021-10-27T10:57:54.4586356+00:00","Properties":[{"Key":{"Id":"NUnit.Seed","Label":"Seed","Category":"","Description":"","Attributes":0,"ValueType":"System.String"},"Value":"711565908"}]},{"TestCase":{"Id":"2b166528-097e-85b6-77db-f742136e6348","FullyQualifiedName":"Tests.CLLTests.AddAfter_And_AddBefore_ReturnedExpectedBool(1,1,[5, 4, 87],True)","DisplayName":"AddAfter_And_AddBefore_ReturnedExpectedBool(1,1,[5, 4, 87],True)","ExecutorUri":"executor://NUnit3TestExecutor","Source":"D:\\Звіти 3 курс\\1 сем\\ООП\\2\\LabWork2\\Tests\\bin\\Debug\\netcoreapp3.1\\fine-code-coverage\\build-output\\Tests.dll","CodeFilePath":null,"LineNumber":0,"Properties":[{"Key":{"Id":"NUnit.Seed","Label":"Seed","Category":"","Description":"","Attributes":0,"ValueType":"System.String"},"Value":"1750840047"}]},"Attachments":[],"Outcome":1,"ErrorMessage":null,"ErrorStackTrace":null,"DisplayName":"AddAfter_And_AddBefore_ReturnedExpectedBool(1,1,[5, 4, 87],True)","Messages":[],"ComputerName":"MAX-PC","Duration":"00:00:00.0002540","StartTime":"2021-10-27T10:57:54.4586436+00:00","EndTime":"2021-10-27T10:57:54.4588969+00:00","Properties":[{"Key":{"Id":"NUnit.Seed","Label":"Seed","Category":"","Description":"","Attributes":0,"ValueType":"System.String"},"Value":"1750840047"}]},{"TestCase":{"Id":"de39ce5c-bb5b-4303-30df-e1a10f9cece3","FullyQualifiedName":"Tests.CLLTests.AddAfter_And_AddBefore_ReturnedExpectedBool(3,1,[5, 4, 87],True)","DisplayName":"AddAfter_And_AddBefore_ReturnedExpectedBool(3,1,[5, 4, 87],True)","ExecutorUri":"executor://NUnit3TestExecutor","Source":"D:\\Звіти 3 курс\\1 сем\\ООП\\2\\LabWork2\\Tests\\bin\\Debug\\netcoreapp3.1\\fine-code-coverage\\build-output\\Tests.dll","CodeFilePath":null,"LineNumber":0,"Properties":[{"Key":{"Id":"NUnit.Seed","Label":"Seed","Category":"","Description":"","Attributes":0,"ValueType":"System.String"},"Value":"1116616696"}]},"Attachments":[],"Outcome":1,"ErrorMessage":null,"ErrorStackTrace":null,"DisplayName":"AddAfter_And_AddBefore_ReturnedExpectedBool(3,1,[5, 4, 87],True)","Messages":[],"ComputerName":"MAX-PC","Duration":"00:00:00.0002440","StartTime":"2021-10-27T10:57:54.4589057+00:00","EndTime":"2021-10-27T10:57:54.459149+00:00","Properties":[{"Key":{"Id":"NUnit.Seed","Label":"Seed","Category":"","Description":"","Attributes":0,"ValueType":"System.String"},"Value":"1116616696"}]},{"TestCase":{"Id":"cd411e00-65fb-d9ed-0973-0b3a65263db0","FullyQualifiedName":"Tests.CLLTests.AddFirst_And_AddLast_ReturnedExpectedInt(88,[1, 2, 3])","DisplayName":"AddFirst_And_AddLast_ReturnedExpectedInt(88,[1, 2, 3])","ExecutorUri":"executor://NUnit3TestExecutor","Source":"D:\\Звіти 3 курс\\1 сем\\ООП\\2\\LabWork2\\Tests\\bin\\Debug\\netcoreapp3.1\\fine-code-coverage\\build-output\\Tests.dll","CodeFilePath":null,"LineNumber":0,"Properties":[{"Key":{"Id":"NUnit.Seed","Label":"Seed","Category":"","Description":"","Attributes":0,"ValueType":"System.String"},"Value":"802612002"}]},"Attachments":[],"Outcome":1,"ErrorMessage":null,"ErrorStackTrace":null,"DisplayName":"AddFirst_And_AddLast_ReturnedExpectedInt(88,[1, 2, 3])","Messages":[],"ComputerName":"MAX-PC","Duration":"00:00:00.0009750","StartTime":"2021-10-27T10:57:54.4606455+00:00","EndTime":"2021-10-27T10:57:54.4616201+00:00","Properties":[{"Key":{"Id":"NUnit.Seed","Label":"Seed","Category":"","Description":"","Attributes":0,"ValueType":"System.String"},"Value":"802612002"}]},{"TestCase":{"Id":"35bb6b33-cae1-255a-5dce-76dab25f874f","FullyQualifiedName":"Tests.CLLTests.AddFirst_And_AddLast_ReturnedExpectedInt(-1,[-11, 52, 93, 1000])","DisplayName":"AddFirst_And_AddLast_ReturnedExpectedInt(-1,[-11, 52, 93, 1000])","ExecutorUri":"executor://NUnit3TestExecutor","Source":"D:\\Звіти 3 курс\\1 сем\\ООП\\2\\LabWork2\\Tests\\bin\\Debug\\netcoreapp3.1\\fine-code-coverage\\build-output\\Tests.dll","CodeFilePath":null,"LineNumber":0,"Properties":[{"Key":{"Id":"NUnit.Seed","Label":"Seed","Category":"","Description":"","Attributes":0,"ValueType":"System.String"},"Value":"42234707"}]},"Attachments":[],"Outcome":1,"ErrorMessage":null,"ErrorStackTrace":null,"DisplayName":"AddFirst_And_AddLast_ReturnedExpectedInt(-1,[-11, 52, 93, 1000])","Messages":[],"ComputerName":"MAX-PC","Duration":"00:00:00.0000460","StartTime":"2021-10-27T10:57:54.4616309+00:00","EndTime":"2021-10-27T10:57:54.4616766+00:00","Properties":[{"Key":{"Id":"NUnit.Seed","Label":"Seed","Category":"","Description":"","Attributes":0,"ValueType":"System.String"},"Value":"42234707"}]},{"TestCase":{"Id":"6d3445ed-254a-fd35-0cf9-6b17cf60e16c","FullyQualifiedName":"Tests.CLLTests.Clear_ReturnCount0","DisplayName":"Clear_ReturnCount0","ExecutorUri":"executor://NUnit3TestExecutor","Source":"D:\\Звіти 3 курс\\1 сем\\ООП\\2\\LabWork2\\Tests\\bin\\Debug\\netcoreapp3.1\\fine-code-coverage\\build-output\\Tests.dll","CodeFilePath":null,"LineNumber":0,"Properties":[{"Key":{"Id":"NUnit.Seed","Label":"Seed","Category":"","Description":"","Attributes":0,"ValueType":"System.String"},"Value":"1100199597"}]},"Attachments":[],"Outcome":1,"ErrorMessage":null,"ErrorStackTrace":null,"DisplayName":"Clear_ReturnCount0","Messages":[],"ComputerName":"MAX-PC","Duration":"00:00:00.0006290","StartTime":"2021-10-27T10:57:54.4617203+00:00","EndTime":"2021-10-27T10:57:54.462348+00:00","Properties":[{"Key":{"Id":"NUnit.Seed","Label":"Seed","Category":"","Description":"","Attributes":0,"ValueType":"System.String"},"Value":"1100199597"}]},{"TestCase":{"Id":"3766adb7-d510-d704-e764-d67bb27d7213","FullyQualifiedName":"Tests.CLLTests.Clear_ReturnedArgumentNullException","DisplayName":"Clear_ReturnedArgumentNullException","ExecutorUri":"executor://NUnit3TestExecutor","Source":"D:\\Звіти 3 курс\\1 сем\\ООП\\2\\LabWork2\\Tests\\bin\\Debug\\netcoreapp3.1\\fine-code-coverage\\build-output\\Tests.dll","CodeFilePath":null,"LineNumber":0,"Properties":[{"Key":{"Id":"NUnit.Seed","Label":"Seed","Category":"","Description":"","Attributes":0,"ValueType":"System.String"},"Value":"1377455366"}]},"Attachments":[],"Outcome":1,"ErrorMessage":null,"ErrorStackTrace":null,"DisplayName":"Clear_ReturnedArgumentNullException","Messages":[],"ComputerName":"MAX-PC","Duration":"00:00:00.0003500","StartTime":"2021-10-27T10:57:54.4623587+00:00","EndTime":"2021-10-27T10:57:54.4627085+00:00","Properties":[{"Key":{"Id":"NUnit.Seed","Label":"Seed","Category":"","Description":"","Attributes":0,"ValueType":"System.String"},"Value":"1377455366"}]}],"TestRunStatistics":{"ExecutedTests":9,"Stats":{"Passed":9}},"ActiveTests":[{"Id":"581d888b-801f-901b-233e-5c8b53a615e2","FullyQualifiedName":"Tests.CLLTests.ConstructorCount_Get_ShouldReturnCorrectValue(1,2,3,4,5,6)","DisplayName":"ConstructorCount_Get_ShouldReturnCorrectValue(1,2,3,4,5,6)","ExecutorUri":"executor://NUnit3TestExecutor","Source":"D:\\Звіти 3 курс\\1 сем\\ООП\\2\\LabWork2\\Tests\\bin\\Debug\\netcoreapp3.1\\fine-code-coverage\\build-output\\Tests.dll","CodeFilePath":null,"LineNumber":0,"Properties":[{"Key":{"Id":"NUnit.Seed","Label":"Seed","Category":"","Description":"","Attributes":0,"ValueType":"System.String"},"Value":"819179716"}]}]}}
TpTrace Verbose: 0 : 36392, 13, 2021/10/27, 13:57:54.556, 7800553204416, vstest.console.dll, TestRunRequest:SendTestRunStatsChange: Starting.
TpTrace Verbose: 0 : 36392, 13, 2021/10/27, 13:57:54.556, 7800553205661, vstest.console.dll, InProgress is ConstructorCount_Get_ShouldReturnCorrectValue(1,2,3,4,5,6)
TpTrace Information: 0 : 36392, 13, 2021/10/27, 13:57:54.556, 7800553207121, vstest.console.dll, TestRunRequest:SendTestRunStatsChange: Completed.
TpTrace Verbose: 0 : 36392, 13, 2021/10/27, 13:57:54.557, 7800553208064, vstest.console.dll, TcpClientExtensions.MessageLoopAsync: Polling on remoteEndPoint: 127.0.0.1:53712 localEndPoint: 127.0.0.1:53711
TpTrace Verbose: 0 : 36392, 13, 2021/10/27, 13:57:54.557, 7800553208484, vstest.console.dll, TcpClientExtensions.MessageLoopAsync: NotifyDataAvailable remoteEndPoint: 127.0.0.1:53712 localEndPoint: 127.0.0.1:53711
TpTrace Verbose: 0 : 36392, 13, 2021/10/27, 13:57:54.557, 7800553209945, vstest.console.dll, TestRequestSender.OnExecutionMessageReceived: Received message: {"Version":5,"MessageType":"TestExecution.StatsChange","Payload":{"NewTestResults":[{"TestCase":{"Id":"581d888b-801f-901b-233e-5c8b53a615e2","FullyQualifiedName":"Tests.CLLTests.ConstructorCount_Get_ShouldReturnCorrectValue(1,2,3,4,5,6)","DisplayName":"ConstructorCount_Get_ShouldReturnCorrectValue(1,2,3,4,5,6)","ExecutorUri":"executor://NUnit3TestExecutor","Source":"D:\\Звіти 3 курс\\1 сем\\ООП\\2\\LabWork2\\Tests\\bin\\Debug\\netcoreapp3.1\\fine-code-coverage\\build-output\\Tests.dll","CodeFilePath":null,"LineNumber":0,"Properties":[{"Key":{"Id":"NUnit.Seed","Label":"Seed","Category":"","Description":"","Attributes":0,"ValueType":"System.String"},"Value":"819179716"}]},"Attachments":[],"Outcome":1,"ErrorMessage":null,"ErrorStackTrace":null,"DisplayName":"ConstructorCount_Get_ShouldReturnCorrectValue(1,2,3,4,5,6)","Messages":[],"ComputerName":"MAX-PC","Duration":"00:00:00.0001630","StartTime":"2021-10-27T10:57:54.4627293+00:00","EndTime":"2021-10-27T10:57:54.4628918+00:00","Properties":[{"Key":{"Id":"NUnit.Seed","Label":"Seed","Category":"","Description":"","Attributes":0,"ValueType":"System.String"},"Value":"819179716"}]},{"TestCase":{"Id":"1b496c65-b89a-240f-18c9-a1e276d80de3","FullyQualifiedName":"Tests.CLLTests.ConstructorCount_Get_ShouldReturnCorrectValue(0)","DisplayName":"ConstructorCount_Get_ShouldReturnCorrectValue(0)","ExecutorUri":"executor://NUnit3TestExecutor","Source":"D:\\Звіти 3 курс\\1 сем\\ООП\\2\\LabWork2\\Tests\\bin\\Debug\\netcoreapp3.1\\fine-code-coverage\\build-output\\Tests.dll","CodeFilePath":null,"LineNumber":0,"Properties":[{"Key":{"Id":"NUnit.Seed","Label":"Seed","Category":"","Description":"","Attributes":0,"ValueType":"System.String"},"Value":"1838823405"}]},"Attachments":[],"Outcome":1,"ErrorMessage":null,"ErrorStackTrace":null,"DisplayName":"ConstructorCount_Get_ShouldReturnCorrectValue(0)","Messages":[],"ComputerName":"MAX-PC","Duration":"00:00:00.0000260","StartTime":"2021-10-27T10:57:54.4629069+00:00","EndTime":"2021-10-27T10:57:54.4629331+00:00","Properties":[{"Key":{"Id":"NUnit.Seed","Label":"Seed","Category":"","Description":"","Attributes":0,"ValueType":"System.String"},"Value":"1838823405"}]},{"TestCase":{"Id":"c57a7401-1d8c-4165-8832-a0c8daceb5e3","FullyQualifiedName":"Tests.CLLTests.Contains_ReturnedArgumentNullException","DisplayName":"Contains_ReturnedArgumentNullException","ExecutorUri":"executor://NUnit3TestExecutor","Source":"D:\\Звіти 3 курс\\1 сем\\ООП\\2\\LabWork2\\Tests\\bin\\Debug\\netcoreapp3.1\\fine-code-coverage\\build-output\\Tests.dll","CodeFilePath":null,"LineNumber":0,"Properties":[{"Key":{"Id":"NUnit.Seed","Label":"Seed","Category":"","Description":"","Attributes":0,"ValueType":"System.String"},"Value":"41330268"}]},"Attachments":[],"Outcome":1,"ErrorMessage":null,"ErrorStackTrace":null,"DisplayName":"Contains_ReturnedArgumentNullException","Messages":[],"ComputerName":"MAX-PC","Duration":"00:00:00.0004030","StartTime":"2021-10-27T10:57:54.462948+00:00","EndTime":"2021-10-27T10:57:54.4633507+00:00","Properties":[{"Key":{"Id":"NUnit.Seed","Label":"Seed","Category":"","Description":"","Attributes":0,"ValueType":"System.String"},"Value":"41330268"}]},{"TestCase":{"Id":"6fc62bb9-f354-d018-1112-a984f3c58bcb","FullyQualifiedName":"Tests.CLLTests.Count_Return0","DisplayName":"Count_Return0","ExecutorUri":"executor://NUnit3TestExecutor","Source":"D:\\Звіти 3 курс\\1 сем\\ООП\\2\\LabWork2\\Tests\\bin\\Debug\\netcoreapp3.1\\fine-code-coverage\\build-output\\Tests.dll","CodeFilePath":null,"LineNumber":0,"Properties":[{"Key":{"Id":"NUnit.Seed","Label":"Seed","Category":"","Description":"","Attributes":0,"ValueType":"System.String"},"Value":"1126660197"}]},"Attachments":[],"Outcome":1,"ErrorMessage":null,"ErrorStackTrace":null,"DisplayName":"Count_Return0","Messages":[],"ComputerName":"MAX-PC","Duration":"00:00:00.0001200","StartTime":"2021-10-27T10:57:54.4633593+00:00","EndTime":"2021-10-27T10:57:54.4634787+00:00","Properties":[{"Key":{"Id":"NUnit.Seed","Label":"Seed","Category":"","Description":"","Attributes":0,"ValueType":"System.String"},"Value":"1126660197"}]},{"TestCase":{"Id":"b84a640c-ef50-b0da-f5fa-a7be73c3f0e7","FullyQualifiedName":"Tests.CLLTests.GetEnumerator_OfListAndCustomList_ShouldHaveEqualElements","DisplayName":"GetEnumerator_OfListAndCustomList_ShouldHaveEqualElements","ExecutorUri":"executor://NUnit3TestExecutor","Source":"D:\\Звіти 3 курс\\1 сем\\ООП\\2\\LabWork2\\Tests\\bin\\Debug\\netcoreapp3.1\\fine-code-coverage\\build-output\\Tests.dll","CodeFilePath":null,"LineNumber":0,"Properties":[{"Key":{"Id":"NUnit.Seed","Label":"Seed","Category":"","Description":"","Attributes":0,"ValueType":"System.String"},"Value":"1774975736"}]},"Attachments":[],"Outcome":1,"ErrorMessage":null,"ErrorStackTrace":null,"DisplayName":"GetEnumerator_OfListAndCustomList_ShouldHaveEqualElements","Messages":[],"ComputerName":"MAX-PC","Duration":"00:00:00.0007990","StartTime":"2021-10-27T10:57:54.4634868+00:00","EndTime":"2021-10-27T10:57:54.464285+00:00","Properties":[{"Key":{"Id":"NUnit.Seed","Label":"Seed","Category":"","Description":"","Attributes":0,"ValueType":"System.String"},"Value":"1774975736"}]},{"TestCase":{"Id":"33ffd066-6863-b4d9-ba39-9b68d7ffdaa8","FullyQualifiedName":"Tests.CLLTests.Indexer_ReturnedIndexOutOfRangeException","DisplayName":"Indexer_ReturnedIndexOutOfRangeException","ExecutorUri":"executor://NUnit3TestExecutor","Source":"D:\\Звіти 3 курс\\1 сем\\ООП\\2\\LabWork2\\Tests\\bin\\Debug\\netcoreapp3.1\\fine-code-coverage\\build-output\\Tests.dll","CodeFilePath":null,"LineNumber":0,"Properties":[{"Key":{"Id":"NUnit.Seed","Label":"Seed","Category":"","Description":"","Attributes":0,"ValueType":"System.String"},"Value":"698096741"}]},"Attachments":[],"Outcome":1,"ErrorMessage":null,"ErrorStackTrace":null,"DisplayName":"Indexer_ReturnedIndexOutOfRangeException","Messages":[],"ComputerName":"MAX-PC","Duration":"00:00:00.0002980","StartTime":"2021-10-27T10:57:54.4643052+00:00","EndTime":"2021-10-27T10:57:54.4646023+00:00","Properties":[{"Key":{"Id":"NUnit.Seed","Label":"Seed","Category":"","Description":"","Attributes":0,"ValueType":"System.String"},"Value":"698096741"}]},{"TestCase":{"Id":"52003554-a28c-f982-a72c-bb76c9d318fa","FullyQualifiedName":"Tests.CLLTests.IsEmpty_Return0","DisplayName":"IsEmpty_Return0","ExecutorUri":"executor://NUnit3TestExecutor","Source":"D:\\Звіти 3 курс\\1 сем\\ООП\\2\\LabWork2\\Tests\\bin\\Debug\\netcoreapp3.1\\fine-code-coverage\\build-output\\Tests.dll","CodeFilePath":null,"LineNumber":0,"Properties":[{"Key":{"Id":"NUnit.Seed","Label":"Seed","Category":"","Description":"","Attributes":0,"ValueType":"System.String"},"Value":"318834544"}]},"Attachments":[],"Outcome":1,"ErrorMessage":null,"ErrorStackTrace":null,"DisplayName":"IsEmpty_Return0","Messages":[],"ComputerName":"MAX-PC","Duration":"00:00:00.0002980","StartTime":"2021-10-27T10:57:54.4646108+00:00","EndTime":"2021-10-27T10:57:54.4649079+00:00","Properties":[{"Key":{"Id":"NUnit.Seed","Label":"Seed","Category":"","Description":"","Attributes":0,"ValueType":"System.String"},"Value":"318834544"}]},{"TestCase":{"Id":"6063f430-702e-4cd8-d35f-c1a3b9f734b2","FullyQualifiedName":"Tests.CLLTests.Remove_Element_ReturnedExpectedCount(2,[1, 2, 3, 4, 5],4,True)","DisplayName":"Remove_Element_ReturnedExpectedCount(2,[1, 2, 3, 4, 5],4,True)","ExecutorUri":"executor://NUnit3TestExecutor","Source":"D:\\Звіти 3 курс\\1 сем\\ООП\\2\\LabWork2\\Tests\\bin\\Debug\\netcoreapp3.1\\fine-code-coverage\\build-output\\Tests.dll","CodeFilePath":null,"LineNumber":0,"Properties":[{"Key":{"Id":"NUnit.Seed","Label":"Seed","Category":"","Description":"","Attributes":0,"ValueType":"System.String"},"Value":"1926574835"}]},"Attachments":[],"Outcome":1,"ErrorMessage":null,"ErrorStackTrace":null,"DisplayName":"Remove_Element_ReturnedExpectedCount(2,[1, 2, 3, 4, 5],4,True)","Messages":[],"ComputerName":"MAX-PC","Duration":"00:00:00.0005670","StartTime":"2021-10-27T10:57:54.4649341+00:00","EndTime":"2021-10-27T10:57:54.4655004+00:00","Properties":[{"Key":{"Id":"NUnit.Seed","Label":"Seed","Category":"","Description":"","Attributes":0,"ValueType":"System.String"},"Value":"1926574835"}]},{"TestCase":{"Id":"d79fd87d-36bb-95bf-1574-93e09e816974","FullyQualifiedName":"Tests.CLLTests.Remove_Element_ReturnedExpectedCount(10,[1, 2, 3, 4, 5],5,False)","DisplayName":"Remove_Element_ReturnedExpectedCount(10,[1, 2, 3, 4, 5],5,False)","ExecutorUri":"executor://NUnit3TestExecutor","Source":"D:\\Звіти 3 курс\\1 сем\\ООП\\2\\LabWork2\\Tests\\bin\\Debug\\netcoreapp3.1\\fine-code-coverage\\build-output\\Tests.dll","CodeFilePath":null,"LineNumber":0,"Properties":[{"Key":{"Id":"NUnit.Seed","Label":"Seed","Category":"","Description":"","Attributes":0,"ValueType":"System.String"},"Value":"975268332"}]},"Attachments":[],"Outcome":1,"ErrorMessage":null,"ErrorStackTrace":null,"DisplayName":"Remove_Element_ReturnedExpectedCount(10,[1, 2, 3, 4, 5],5,False)","Messages":[],"ComputerName":"MAX-PC","Duration":"00:00:00.0000540","StartTime":"2021-10-27T10:57:54.465509+00:00","EndTime":"2021-10-27T10:57:54.4655622+00:00","Properties":[{"Key":{"Id":"NUnit.Seed","Label":"Seed","Category":"","Description":"","Attributes":0,"ValueType":"System.String"},"Value":"975268332"}]}],"TestRunStatistics":{"ExecutedTests":18,"Stats":{"Passed":18}},"ActiveTests":[{"Id":"3363d542-a231-2b6d-829a-d25ef0f58295","FullyQualifiedName":"Tests.CLLTests.Remove_Element_ReturnedExpectedCount(15,[11, 4, 5],3,False)","DisplayName":"Remove_Element_ReturnedExpectedCount(15,[11, 4, 5],3,False)","ExecutorUri":"executor://NUnit3TestExecutor","Source":"D:\\Звіти 3 курс\\1 сем\\ООП\\2\\LabWork2\\Tests\\bin\\Debug\\netcoreapp3.1\\fine-code-coverage\\build-output\\Tests.dll","CodeFilePath":null,"LineNumber":0,"Properties":[{"Key":{"Id":"NUnit.Seed","Label":"Seed","Category":"","Description":"","Attributes":0,"ValueType":"System.String"},"Value":"85482702"}]}]}}
TpTrace Verbose: 0 : 36392, 13, 2021/10/27, 13:57:54.559, 7800553234994, vstest.console.dll, TestRunRequest:SendTestRunStatsChange: Starting.
TpTrace Verbose: 0 : 36392, 13, 2021/10/27, 13:57:54.559, 7800553235731, vstest.console.dll, InProgress is Remove_Element_ReturnedExpectedCount(15,[11, 4, 5],3,False)
TpTrace Information: 0 : 36392, 13, 2021/10/27, 13:57:54.559, 7800553236275, vstest.console.dll, TestRunRequest:SendTestRunStatsChange: Completed.
TpTrace Verbose: 0 : 36392, 13, 2021/10/27, 13:57:54.559, 7800553236599, vstest.console.dll, TcpClientExtensions.MessageLoopAsync: Polling on remoteEndPoint: 127.0.0.1:53712 localEndPoint: 127.0.0.1:53711
TpTrace Verbose: 0 : 36392, 13, 2021/10/27, 13:57:54.561, 7800553249810, vstest.console.dll, TcpClientExtensions.MessageLoopAsync: NotifyDataAvailable remoteEndPoint: 127.0.0.1:53712 localEndPoint: 127.0.0.1:53711
TpTrace Verbose: 0 : 36392, 13, 2021/10/27, 13:57:54.561, 7800553250615, vstest.console.dll, TestRequestSender.OnExecutionMessageReceived: Received message: {"Version":5,"MessageType":"TestSession.Message","Payload":{"MessageLevel":0,"Message":"NUnit Adapter 4.0.0.0: Test execution complete"}}
TpTrace Verbose: 0 : 36392, 13, 2021/10/27, 13:57:54.561, 7800553251703, vstest.console.dll, TestRunRequest:SendTestRunMessage: Starting.
TpTrace Information: 0 : 36392, 13, 2021/10/27, 13:57:54.561, 7800553252189, vstest.console.dll, TestRunRequest:SendTestRunMessage: Completed.
TpTrace Verbose: 0 : 36392, 13, 2021/10/27, 13:57:54.561, 7800553252475, vstest.console.dll, TcpClientExtensions.MessageLoopAsync: Polling on remoteEndPoint: 127.0.0.1:53712 localEndPoint: 127.0.0.1:53711
TpTrace Verbose: 0 : 36392, 13, 2021/10/27, 13:57:54.574, 7800553382198, vstest.console.dll, TcpClientExtensions.MessageLoopAsync: NotifyDataAvailable remoteEndPoint: 127.0.0.1:53712 localEndPoint: 127.0.0.1:53711
TpTrace Verbose: 0 : 36392, 13, 2021/10/27, 13:57:54.574, 7800553383801, vstest.console.dll, TestRequestSender.OnExecutionMessageReceived: Received message: {"Version":5,"MessageType":"TestExecution.Completed","Payload":{"TestRunCompleteArgs":{"TestRunStatistics":{"ExecutedTests":24,"Stats":{"Passed":24}},"IsCanceled":false,"IsAborted":false,"Error":null,"AttachmentSets":[],"ElapsedTimeInRunningTests":"00:00:00.2897885","Metrics":{}},"LastRunTests":{"NewTestResults":[{"TestCase":{"Id":"3363d542-a231-2b6d-829a-d25ef0f58295","FullyQualifiedName":"Tests.CLLTests.Remove_Element_ReturnedExpectedCount(15,[11, 4, 5],3,False)","DisplayName":"Remove_Element_ReturnedExpectedCount(15,[11, 4, 5],3,False)","ExecutorUri":"executor://NUnit3TestExecutor","Source":"D:\\Звіти 3 курс\\1 сем\\ООП\\2\\LabWork2\\Tests\\bin\\Debug\\netcoreapp3.1\\fine-code-coverage\\build-output\\Tests.dll","CodeFilePath":null,"LineNumber":0,"Properties":[{"Key":{"Id":"NUnit.Seed","Label":"Seed","Category":"","Description":"","Attributes":0,"ValueType":"System.String"},"Value":"85482702"}]},"Attachments":[],"Outcome":1,"ErrorMessage":null,"ErrorStackTrace":null,"DisplayName":"Remove_Element_ReturnedExpectedCount(15,[11, 4, 5],3,False)","Messages":[],"ComputerName":"MAX-PC","Duration":"00:00:00.0000450","StartTime":"2021-10-27T10:57:54.4655693+00:00","EndTime":"2021-10-27T10:57:54.4656141+00:00","Properties":[{"Key":{"Id":"NUnit.Seed","Label":"Seed","Category":"","Description":"","Attributes":0,"ValueType":"System.String"},"Value":"85482702"}]},{"TestCase":{"Id":"de660123-8601-92cc-fd29-fa0cdebd2d03","FullyQualifiedName":"Tests.CLLTests.Remove_Element_ReturnedExpectedCount(-1,[-1, 2, -1, 4, 5],4,True)","DisplayName":"Remove_Element_ReturnedExpectedCount(-1,[-1, 2, -1, 4, 5],4,True)","ExecutorUri":"executor://NUnit3TestExecutor","Source":"D:\\Звіти 3 курс\\1 сем\\ООП\\2\\LabWork2\\Tests\\bin\\Debug\\netcoreapp3.1\\fine-code-coverage\\build-output\\Tests.dll","CodeFilePath":null,"LineNumber":0,"Properties":[{"Key":{"Id":"NUnit.Seed","Label":"Seed","Category":"","Description":"","Attributes":0,"ValueType":"System.String"},"Value":"1871467391"}]},"Attachments":[],"Outcome":1,"ErrorMessage":null,"ErrorStackTrace":null,"DisplayName":"Remove_Element_ReturnedExpectedCount(-1,[-1, 2, -1, 4, 5],4,True)","Messages":[],"ComputerName":"MAX-PC","Duration":"00:00:00.0000400","StartTime":"2021-10-27T10:57:54.4656207+00:00","EndTime":"2021-10-27T10:57:54.4656604+00:00","Properties":[{"Key":{"Id":"NUnit.Seed","Label":"Seed","Category":"","Description":"","Attributes":0,"ValueType":"System.String"},"Value":"1871467391"}]},{"TestCase":{"Id":"ed460fb3-c8b1-fc93-ea4e-8a63e154f975","FullyQualifiedName":"Tests.CLLTests.Remove_Element_ReturnedExpectedCount(99,[-1, 2, -1, 4, 100],5,False)","DisplayName":"Remove_Element_ReturnedExpectedCount(99,[-1, 2, -1, 4, 100],5,False)","ExecutorUri":"executor://NUnit3TestExecutor","Source":"D:\\Звіти 3 курс\\1 сем\\ООП\\2\\LabWork2\\Tests\\bin\\Debug\\netcoreapp3.1\\fine-code-coverage\\build-output\\Tests.dll","CodeFilePath":null,"LineNumber":0,"Properties":[{"Key":{"Id":"NUnit.Seed","Label":"Seed","Category":"","Description":"","Attributes":0,"ValueType":"System.String"},"Value":"1449810309"}]},"Attachments":[],"Outcome":1,"ErrorMessage":null,"ErrorStackTrace":null,"DisplayName":"Remove_Element_ReturnedExpectedCount(99,[-1, 2, -1, 4, 100],5,False)","Messages":[],"ComputerName":"MAX-PC","Duration":"00:00:00.0000390","StartTime":"2021-10-27T10:57:54.4656666+00:00","EndTime":"2021-10-27T10:57:54.4657053+00:00","Properties":[{"Key":{"Id":"NUnit.Seed","Label":"Seed","Category":"","Description":"","Attributes":0,"ValueType":"System.String"},"Value":"1449810309"}]},{"TestCase":{"Id":"d4a9abb8-5ed3-2304-c3c0-535a8314bedd","FullyQualifiedName":"Tests.CLLTests.Remove_Element_ReturnedExpectedCount(1,[1],0,True)","DisplayName":"Remove_Element_ReturnedExpectedCount(1,[1],0,True)","ExecutorUri":"executor://NUnit3TestExecutor","Source":"D:\\Звіти 3 курс\\1 сем\\ООП\\2\\LabWork2\\Tests\\bin\\Debug\\netcoreapp3.1\\fine-code-coverage\\build-output\\Tests.dll","CodeFilePath":null,"LineNumber":0,"Properties":[{"Key":{"Id":"NUnit.Seed","Label":"Seed","Category":"","Description":"","Attributes":0,"ValueType":"System.String"},"Value":"759883678"}]},"Attachments":[],"Outcome":1,"ErrorMessage":null,"ErrorStackTrace":null,"DisplayName":"Remove_Element_ReturnedExpectedCount(1,[1],0,True)","Messages":[],"ComputerName":"MAX-PC","Duration":"00:00:00.0000380","StartTime":"2021-10-27T10:57:54.4657116+00:00","EndTime":"2021-10-27T10:57:54.4657489+00:00","Properties":[{"Key":{"Id":"NUnit.Seed","Label":"Seed","Category":"","Description":"","Attributes":0,"ValueType":"System.String"},"Value":"759883678"}]},{"TestCase":{"Id":"42cc01cf-9822-ba2a-eac1-8312ece57e07","FullyQualifiedName":"Tests.CLLTests.Remove_ReturnedArgumentNullException","DisplayName":"Remove_ReturnedArgumentNullException","ExecutorUri":"executor://NUnit3TestExecutor","Source":"D:\\Звіти 3 курс\\1 сем\\ООП\\2\\LabWork2\\Tests\\bin\\Debug\\netcoreapp3.1\\fine-code-coverage\\build-output\\Tests.dll","CodeFilePath":null,"LineNumber":0,"Properties":[{"Key":{"Id":"NUnit.Seed","Label":"Seed","Category":"","Description":"","Attributes":0,"ValueType":"System.String"},"Value":"209878576"}]},"Attachments":[],"Outcome":1,"ErrorMessage":null,"ErrorStackTrace":null,"DisplayName":"Remove_ReturnedArgumentNullException","Messages":[],"ComputerName":"MAX-PC","Duration":"00:00:00.0005620","StartTime":"2021-10-27T10:57:54.4657655+00:00","EndTime":"2021-10-27T10:57:54.4663269+00:00","Properties":[{"Key":{"Id":"NUnit.Seed","Label":"Seed","Category":"","Description":"","Attributes":0,"ValueType":"System.String"},"Value":"209878576"}]},{"TestCase":{"Id":"24f80fa1-1c8d-e32b-a6f0-cca51400b411","FullyQualifiedName":"Tests.CLLTests.RemoveFirst_And_RemoveLast_ReturnedExpectedInt","DisplayName":"RemoveFirst_And_RemoveLast_ReturnedExpectedInt","ExecutorUri":"executor://NUnit3TestExecutor","Source":"D:\\Звіти 3 курс\\1 сем\\ООП\\2\\LabWork2\\Tests\\bin\\Debug\\netcoreapp3.1\\fine-code-coverage\\build-output\\Tests.dll","CodeFilePath":null,"LineNumber":0,"Properties":[{"Key":{"Id":"NUnit.Seed","Label":"Seed","Category":"","Description":"","Attributes":0,"ValueType":"System.String"},"Value":"1351888249"}]},"Attachments":[],"Outcome":1,"ErrorMessage":null,"ErrorStackTrace":null,"DisplayName":"RemoveFirst_And_RemoveLast_ReturnedExpectedInt","Messages":[],"ComputerName":"MAX-PC","Duration":"00:00:00.0006120","StartTime":"2021-10-27T10:57:54.4663359+00:00","EndTime":"2021-10-27T10:57:54.4669466+00:00","Properties":[{"Key":{"Id":"NUnit.Seed","Label":"Seed","Category":"","Description":"","Attributes":0,"ValueType":"System.String"},"Value":"1351888249"}]}],"TestRunStatistics":{"ExecutedTests":24,"Stats":{"Passed":24}},"ActiveTests":[]},"RunAttachments":[],"ExecutorUris":["executor://nunit3testexecutor/"]}}
TpTrace Verbose: 0 : 36392, 13, 2021/10/27, 13:57:54.574, 7800553387217, vstest.console.dll, TestRequestSender.EndSession: Sending end session.
TpTrace Verbose: 0 : 36392, 13, 2021/10/27, 13:57:54.575, 7800553388023, vstest.console.dll, ProxyOperationManager.Close: waiting for test host to exit for 100 ms
TpTrace Warning: 0 : 36392, 6, 2021/10/27, 13:57:54.607, 7800553710580, vstest.console.dll, TestHostManagerCallbacks.ErrorReceivedCallback Test host standard error line: 
TpTrace Verbose: 0 : 36392, 7, 2021/10/27, 13:57:54.611, 7800553756058, vstest.console.dll, TestHostProvider.ExitCallBack: Host exited starting callback.
TpTrace Information: 0 : 36392, 7, 2021/10/27, 13:57:54.612, 7800553759685, vstest.console.dll, TestHostManagerCallbacks.ExitCallBack: Testhost processId: 22284 exited with exitcode: 0 error: ''
TpTrace Verbose: 0 : 36392, 7, 2021/10/27, 13:57:54.612, 7800553760205, vstest.console.dll, DotnetTestHostManager.OnHostExited: invoking OnHostExited callback
TpTrace Verbose: 0 : 36392, 7, 2021/10/27, 13:57:54.612, 7800553760803, vstest.console.dll, CrossPlatEngine.TestHostManagerHostExited: calling on client process exit callback.
TpTrace Information: 0 : 36392, 7, 2021/10/27, 13:57:54.612, 7800553761225, vstest.console.dll, TestRequestSender.OnClientProcessExit: Test host process exited. Standard error: 
TpTrace Warning: 0 : 36392, 13, 2021/10/27, 13:57:54.612, 7800553761519, vstest.console.dll, ProxyOperationManager: Timed out waiting for test host to exit. Will terminate process.
TpTrace Information: 0 : 36392, 7, 2021/10/27, 13:57:54.612, 7800553761573, vstest.console.dll, SocketServer.Stop: Stop server endPoint: 127.0.0.1:53711
TpTrace Information: 0 : 36392, 7, 2021/10/27, 13:57:54.612, 7800553762702, vstest.console.dll, SocketServer.Stop: Cancellation requested. Stopping message loop.
TpTrace Verbose: 0 : 36392, 13, 2021/10/27, 13:57:54.613, 7800553768184, vstest.console.dll, ProxyDataCollectionManager.InvokeDataCollectionServiceAction: Starting.
TpTrace Information: 0 : 36392, 13, 2021/10/27, 13:57:54.613, 7800553768675, vstest.console.dll, ProxyDataCollectionManager.AfterTestRunEnd: Get attachment set for datacollector processId: 34560 port: 53708
TpTrace Verbose: 0 : 36392, 13, 2021/10/27, 13:57:54.613, 7800553769081, vstest.console.dll, DataCollectionRequestSender.SendAfterTestRunStartAndGetResult : Send AfterTestRunEnd message with isCancelled: False
TpTrace Verbose: 0 : 36392, 13, 2021/10/27, 13:57:54.615, 7800553797112, vstest.console.dll, DataCollectionRequestSender.SendAfterTestRunStartAndGetResult : Received message: (DataCollection.AfterTestRunEndResult) -> {
  "AttachmentSets": [],
  "Metrics": {}
}
TpTrace Information: 0 : 36392, 13, 2021/10/27, 13:57:54.617, 7800553817311, vstest.console.dll, ProxyDataCollectionManager.InvokeDataCollectionServiceAction: Completed.
TpTrace Warning: 0 : 36392, 9, 2021/10/27, 13:57:54.618, 7800553824571, vstest.console.dll, DataCollectionLauncher.ErrorReceivedCallback datacollector standard error line: 
TpTrace Information: 0 : 36392, 7, 2021/10/27, 13:57:54.622, 7800553860794, vstest.console.dll, DataCollectionLauncher.ExitCallBack: Data collector exited with exitcode: 0 error: ''
TpTrace Verbose: 0 : 36392, 13, 2021/10/27, 13:57:54.637, 7800554017124, vstest.console.dll, TestRunRequest:SendTestRunStatsChange: Starting.
TpTrace Information: 0 : 36392, 13, 2021/10/27, 13:57:54.638, 7800554017927, vstest.console.dll, TestRunRequest:SendTestRunStatsChange: Completed.
TpTrace Verbose: 0 : 36392, 13, 2021/10/27, 13:57:54.638, 7800554019194, vstest.console.dll, ParallelProxyExecutionManager: HandlePartialRunComplete: Total completed clients = 1, Run complete = True, Run canceled: False.
TpTrace Verbose: 0 : 36392, 13, 2021/10/27, 13:57:54.655, 7800554194002, vstest.console.dll, TestRunRequest:TestRunComplete: Starting. IsAborted:False IsCanceled:False.
TpTrace Verbose: 0 : 36392, 13, 2021/10/27, 13:57:54.655, 7800554195433, vstest.console.dll, TestLoggerManager.HandleTestRunComplete: Ignoring as the object is disposed.
TpTrace Information: 0 : 36392, 13, 2021/10/27, 13:57:54.655, 7800554197393, vstest.console.dll, TestRunRequest:TestRunComplete: Completed.
TpTrace Verbose: 0 : 36392, 13, 2021/10/27, 13:57:54.656, 7800554197823, vstest.console.dll, TestRequestSender.SetOperationComplete: Setting operation complete.
TpTrace Verbose: 0 : 36392, 1, 2021/10/27, 13:57:54.656, 7800554198015, vstest.console.dll, TestRunRequest.Dispose: Starting.
TpTrace Information: 0 : 36392, 1, 2021/10/27, 13:57:54.656, 7800554198543, vstest.console.dll, TestRunRequest.Dispose: Completed.
TpTrace Information: 0 : 36392, 13, 2021/10/27, 13:57:54.656, 7800554198132, vstest.console.dll, SocketServer.Stop: Stop server endPoint: 127.0.0.1:53711
TpTrace Information: 0 : 36392, 13, 2021/10/27, 13:57:54.656, 7800554199165, vstest.console.dll, SocketServer.Stop: Cancellation requested. Stopping message loop.
TpTrace Information: 0 : 36392, 1, 2021/10/27, 13:57:54.656, 7800554199304, vstest.console.dll, TestRequestManager.RunTests: run tests completed.
TpTrace Information: 0 : 36392, 1, 2021/10/27, 13:57:54.656, 7800554200092, vstest.console.dll, RunTestsArgumentProcessor:Execute: Test run is completed.
TpTrace Information: 0 : 36392, 13, 2021/10/27, 13:57:54.656, 7800554200190, vstest.console.dll, SocketServer.PrivateStop: Stop server endPoint: 127.0.0.1:53711 error: 
TpTrace Verbose: 0 : 36392, 1, 2021/10/27, 13:57:54.656, 7800554201398, vstest.console.dll, Executor.Execute: Exiting with exit code of 0
TpTrace Verbose: 0 : 36392, 13, 2021/10/27, 13:57:54.656, 7800554203796, vstest.console.dll, LengthPrefixCommunicationChannel.Dispose: Dispose reader and writer.
TpTrace Information: 0 : 36392, 13, 2021/10/27, 13:57:54.656, 7800554204393, vstest.console.dll, SocketServer.Stop: Raise disconnected event endPoint: 127.0.0.1:53711 error: 
